[2024-11-18T04:47:30.433+0000] {taskinstance.py:1979} INFO - Dependencies all met for dep_context=non-requeueable deps ti=<TaskInstance: file_read_local.read_file_task scheduled__2024-11-17T00:00:00+00:00 [queued]>
[2024-11-18T04:47:30.441+0000] {taskinstance.py:1979} INFO - Dependencies all met for dep_context=requeueable deps ti=<TaskInstance: file_read_local.read_file_task scheduled__2024-11-17T00:00:00+00:00 [queued]>
[2024-11-18T04:47:30.442+0000] {taskinstance.py:2193} INFO - Starting attempt 1 of 2
[2024-11-18T04:47:30.454+0000] {taskinstance.py:2217} INFO - Executing <Task(PythonOperator): read_file_task> on 2024-11-17 00:00:00+00:00
[2024-11-18T04:47:30.459+0000] {standard_task_runner.py:60} INFO - Started process 12759 to run task
[2024-11-18T04:47:30.463+0000] {standard_task_runner.py:87} INFO - Running: ['***', 'tasks', 'run', 'file_read_local', 'read_file_task', 'scheduled__2024-11-17T00:00:00+00:00', '--job-id', '3662', '--raw', '--subdir', 'DAGS_FOLDER/file_read_local.py', '--cfg-path', '/tmp/tmpeajvn07i']
[2024-11-18T04:47:30.464+0000] {standard_task_runner.py:88} INFO - Job 3662: Subtask read_file_task
[2024-11-18T04:47:30.522+0000] {task_command.py:423} INFO - Running <TaskInstance: file_read_local.read_file_task scheduled__2024-11-17T00:00:00+00:00 [running]> on host 3c704ad499e6
[2024-11-18T04:47:30.593+0000] {taskinstance.py:2513} INFO - Exporting env vars: AIRFLOW_CTX_DAG_OWNER='***' AIRFLOW_CTX_DAG_ID='file_read_local' AIRFLOW_CTX_TASK_ID='read_file_task' AIRFLOW_CTX_EXECUTION_DATE='2024-11-17T00:00:00+00:00' AIRFLOW_CTX_TRY_NUMBER='1' AIRFLOW_CTX_DAG_RUN_ID='scheduled__2024-11-17T00:00:00+00:00'
[2024-11-18T04:47:30.594+0000] {logging_mixin.py:188} INFO - File content:
id,name,age,city
1,Alice,24,New York
2,Bob,27,Los Angeles
3,Charlie,22,Chicago
4,David,32,Houston
5,Eve,29,Phoenix
[2024-11-18T04:47:30.594+0000] {python.py:202} INFO - Done. Returned value was: id,name,age,city
1,Alice,24,New York
2,Bob,27,Los Angeles
3,Charlie,22,Chicago
4,David,32,Houston
5,Eve,29,Phoenix

[2024-11-18T04:47:30.617+0000] {taskinstance.py:1149} INFO - Marking task as SUCCESS. dag_id=file_read_local, task_id=read_file_task, execution_date=20241117T000000, start_date=20241118T044730, end_date=20241118T044730
[2024-11-18T04:47:30.635+0000] {local_task_job_runner.py:234} INFO - Task exited with return code 0
[2024-11-18T04:47:30.654+0000] {taskinstance.py:3312} INFO - 0 downstream tasks scheduled from follow-on schedule check
