[2024-11-18T08:02:52.828+0000] {taskinstance.py:1979} INFO - Dependencies all met for dep_context=non-requeueable deps ti=<TaskInstance: aws_s3_example.download_file manual__2024-11-18T08:02:51.775817+00:00 [queued]>
[2024-11-18T08:02:52.839+0000] {taskinstance.py:1979} INFO - Dependencies all met for dep_context=requeueable deps ti=<TaskInstance: aws_s3_example.download_file manual__2024-11-18T08:02:51.775817+00:00 [queued]>
[2024-11-18T08:02:52.840+0000] {taskinstance.py:2193} INFO - Starting attempt 1 of 2
[2024-11-18T08:02:52.855+0000] {taskinstance.py:2217} INFO - Executing <Task(PythonOperator): download_file> on 2024-11-18 08:02:51.775817+00:00
[2024-11-18T08:02:52.862+0000] {standard_task_runner.py:60} INFO - Started process 15749 to run task
[2024-11-18T08:02:52.867+0000] {standard_task_runner.py:87} INFO - Running: ['***', 'tasks', 'run', 'aws_s3_example', 'download_file', 'manual__2024-11-18T08:02:51.775817+00:00', '--job-id', '3702', '--raw', '--subdir', 'DAGS_FOLDER/AWS_S3.py', '--cfg-path', '/tmp/tmpwg_kkt8_']
[2024-11-18T08:02:52.869+0000] {standard_task_runner.py:88} INFO - Job 3702: Subtask download_file
[2024-11-18T08:02:52.936+0000] {task_command.py:423} INFO - Running <TaskInstance: aws_s3_example.download_file manual__2024-11-18T08:02:51.775817+00:00 [running]> on host 3c704ad499e6
[2024-11-18T08:02:53.027+0000] {taskinstance.py:2513} INFO - Exporting env vars: AIRFLOW_CTX_DAG_OWNER='***' AIRFLOW_CTX_DAG_ID='aws_s3_example' AIRFLOW_CTX_TASK_ID='download_file' AIRFLOW_CTX_EXECUTION_DATE='2024-11-18T08:02:51.775817+00:00' AIRFLOW_CTX_TRY_NUMBER='1' AIRFLOW_CTX_DAG_RUN_ID='manual__2024-11-18T08:02:51.775817+00:00'
[2024-11-18T08:02:53.037+0000] {base.py:83} INFO - Using connection ID 'aws_s3_conn' for task execution.
[2024-11-18T08:02:53.038+0000] {connection_wrapper.py:384} INFO - AWS Connection (conn_id='aws_s3_conn', conn_type='aws') credentials retrieved from login and password.
[2024-11-18T08:02:53.739+0000] {taskinstance.py:2731} ERROR - Task failed with exception
Traceback (most recent call last):
  File "/home/airflow/.local/lib/python3.8/site-packages/airflow/models/taskinstance.py", line 444, in _execute_task
    result = _execute_callable(context=context, **execute_callable_kwargs)
  File "/home/airflow/.local/lib/python3.8/site-packages/airflow/models/taskinstance.py", line 414, in _execute_callable
    return execute_callable(context=context, **execute_callable_kwargs)
  File "/home/airflow/.local/lib/python3.8/site-packages/airflow/operators/python.py", line 200, in execute
    return_value = self.execute_callable()
  File "/home/airflow/.local/lib/python3.8/site-packages/airflow/operators/python.py", line 217, in execute_callable
    return self.python_callable(*self.op_args, **self.op_kwargs)
  File "/opt/airflow/dags/AWS_S3.py", line 23, in download_file_from_s3
    with open(local_path, 'wb') as f:
PermissionError: [Errno 13] Permission denied: '/opt/airflow/dags/output/sample_data.txt'
[2024-11-18T08:02:53.748+0000] {taskinstance.py:1149} INFO - Marking task as UP_FOR_RETRY. dag_id=aws_s3_example, task_id=download_file, execution_date=20241118T080251, start_date=20241118T080252, end_date=20241118T080253
[2024-11-18T08:02:53.762+0000] {standard_task_runner.py:107} ERROR - Failed to execute job 3702 for task download_file ([Errno 13] Permission denied: '/opt/airflow/dags/output/sample_data.txt'; 15749)
[2024-11-18T08:02:53.801+0000] {local_task_job_runner.py:234} INFO - Task exited with return code 1
[2024-11-18T08:02:53.821+0000] {taskinstance.py:3312} INFO - 0 downstream tasks scheduled from follow-on schedule check
