[2024-11-19T03:17:32.996+0000] {taskinstance.py:1979} INFO - Dependencies all met for dep_context=non-requeueable deps ti=<TaskInstance: azure_blob_storage_sensor.wait_for_file scheduled__2024-11-18T00:00:00+00:00 [queued]>
[2024-11-19T03:17:33.007+0000] {taskinstance.py:1979} INFO - Dependencies all met for dep_context=requeueable deps ti=<TaskInstance: azure_blob_storage_sensor.wait_for_file scheduled__2024-11-18T00:00:00+00:00 [queued]>
[2024-11-19T03:17:33.008+0000] {taskinstance.py:2193} INFO - Starting attempt 1 of 2
[2024-11-19T03:17:33.021+0000] {taskinstance.py:2217} INFO - Executing <Task(WasbBlobSensor): wait_for_file> on 2024-11-18 00:00:00+00:00
[2024-11-19T03:17:33.025+0000] {standard_task_runner.py:60} INFO - Started process 50708 to run task
[2024-11-19T03:17:33.029+0000] {standard_task_runner.py:87} INFO - Running: ['***', 'tasks', 'run', 'azure_blob_storage_sensor', 'wait_for_file', 'scheduled__2024-11-18T00:00:00+00:00', '--job-id', '11644', '--raw', '--subdir', 'DAGS_FOLDER/AzureBlob_sensor.py', '--cfg-path', '/tmp/tmpirhjb_6v']
[2024-11-19T03:17:33.030+0000] {standard_task_runner.py:88} INFO - Job 11644: Subtask wait_for_file
[2024-11-19T03:17:33.082+0000] {task_command.py:423} INFO - Running <TaskInstance: azure_blob_storage_sensor.wait_for_file scheduled__2024-11-18T00:00:00+00:00 [running]> on host 3c704ad499e6
[2024-11-19T03:17:33.161+0000] {taskinstance.py:2513} INFO - Exporting env vars: AIRFLOW_CTX_DAG_OWNER='***' AIRFLOW_CTX_DAG_ID='azure_blob_storage_sensor' AIRFLOW_CTX_TASK_ID='wait_for_file' AIRFLOW_CTX_EXECUTION_DATE='2024-11-18T00:00:00+00:00' AIRFLOW_CTX_TRY_NUMBER='1' AIRFLOW_CTX_DAG_RUN_ID='scheduled__2024-11-18T00:00:00+00:00'
[2024-11-19T03:17:33.162+0000] {wasb.py:72} INFO - Poking for blob: phawatmk/file.txt
 in wasb://ais-container
[2024-11-19T03:17:33.173+0000] {base.py:83} INFO - Using connection ID 'azureblob_cnn' for task execution.
[2024-11-19T03:18:03.292+0000] {wasb.py:72} INFO - Poking for blob: phawatmk/file.txt
 in wasb://ais-container
[2024-11-19T03:18:03.298+0000] {base.py:83} INFO - Using connection ID 'azureblob_cnn' for task execution.
[2024-11-19T03:18:33.392+0000] {wasb.py:72} INFO - Poking for blob: phawatmk/file.txt
 in wasb://ais-container
[2024-11-19T03:18:33.399+0000] {base.py:83} INFO - Using connection ID 'azureblob_cnn' for task execution.
[2024-11-19T03:19:03.484+0000] {wasb.py:72} INFO - Poking for blob: phawatmk/file.txt
 in wasb://ais-container
[2024-11-19T03:19:03.491+0000] {base.py:83} INFO - Using connection ID 'azureblob_cnn' for task execution.
[2024-11-19T03:19:33.572+0000] {wasb.py:72} INFO - Poking for blob: phawatmk/file.txt
 in wasb://ais-container
[2024-11-19T03:19:33.579+0000] {base.py:83} INFO - Using connection ID 'azureblob_cnn' for task execution.
[2024-11-19T03:20:03.660+0000] {wasb.py:72} INFO - Poking for blob: phawatmk/file.txt
 in wasb://ais-container
[2024-11-19T03:20:03.667+0000] {base.py:83} INFO - Using connection ID 'azureblob_cnn' for task execution.
[2024-11-19T03:20:03.719+0000] {base.py:295} INFO - Success criteria met. Exiting.
[2024-11-19T03:20:03.728+0000] {taskinstance.py:1149} INFO - Marking task as SUCCESS. dag_id=azure_blob_storage_sensor, task_id=wait_for_file, execution_date=20241118T000000, start_date=20241119T031732, end_date=20241119T032003
[2024-11-19T03:20:03.751+0000] {local_task_job_runner.py:234} INFO - Task exited with return code 0
[2024-11-19T03:20:03.774+0000] {taskinstance.py:3312} INFO - 1 downstream tasks scheduled from follow-on schedule check
