[2024-11-18T06:48:06.381+0000] {taskinstance.py:1979} INFO - Dependencies all met for dep_context=non-requeueable deps ti=<TaskInstance: crud_postgres.create_schema scheduled__2024-11-17T00:00:00+00:00 [queued]>
[2024-11-18T06:48:06.389+0000] {taskinstance.py:1979} INFO - Dependencies all met for dep_context=requeueable deps ti=<TaskInstance: crud_postgres.create_schema scheduled__2024-11-17T00:00:00+00:00 [queued]>
[2024-11-18T06:48:06.389+0000] {taskinstance.py:2193} INFO - Starting attempt 2 of 2
[2024-11-18T06:48:06.402+0000] {taskinstance.py:2217} INFO - Executing <Task(PostgresOperator): create_schema> on 2024-11-17 00:00:00+00:00
[2024-11-18T06:48:06.407+0000] {standard_task_runner.py:60} INFO - Started process 14572 to run task
[2024-11-18T06:48:06.410+0000] {standard_task_runner.py:87} INFO - Running: ['***', 'tasks', 'run', 'crud_postgres', 'create_schema', 'scheduled__2024-11-17T00:00:00+00:00', '--job-id', '3674', '--raw', '--subdir', 'DAGS_FOLDER/CRUD_Postgres.py', '--cfg-path', '/tmp/tmpuhzdemt2']
[2024-11-18T06:48:06.411+0000] {standard_task_runner.py:88} INFO - Job 3674: Subtask create_schema
[2024-11-18T06:48:06.460+0000] {task_command.py:423} INFO - Running <TaskInstance: crud_postgres.create_schema scheduled__2024-11-17T00:00:00+00:00 [running]> on host 3c704ad499e6
[2024-11-18T06:48:06.525+0000] {taskinstance.py:2513} INFO - Exporting env vars: AIRFLOW_CTX_DAG_OWNER='***' AIRFLOW_CTX_DAG_ID='crud_postgres' AIRFLOW_CTX_TASK_ID='create_schema' AIRFLOW_CTX_EXECUTION_DATE='2024-11-17T00:00:00+00:00' AIRFLOW_CTX_TRY_NUMBER='2' AIRFLOW_CTX_DAG_RUN_ID='scheduled__2024-11-17T00:00:00+00:00'
[2024-11-18T06:48:06.526+0000] {sql.py:276} INFO - Executing: CREATE SCHEMA IF NOT EXISTS phawatmk;
[2024-11-18T06:48:06.534+0000] {base.py:83} INFO - Using connection ID 'azure_postgres_conn' for task execution.
[2024-11-18T06:48:06.543+0000] {base.py:83} INFO - Using connection ID 'azure_postgres_conn' for task execution.
[2024-11-18T06:48:06.591+0000] {sql.py:457} INFO - Running statement: CREATE SCHEMA IF NOT EXISTS phawatmk;, parameters: None
[2024-11-18T06:48:06.593+0000] {warnings.py:109} WARNING - /home/***/.local/lib/python3.8/site-packages/***/providers/common/sql/hooks/sql.py:407: AirflowProviderDeprecationWarning: Call to deprecated method _make_common_data_structure. (The `_make_serializable` method is deprecated and support will be removed in a future version of the common.sql provider. Please update the DbApiHook's provider to a version based on common.sql >= 1.9.1.)
  result = self._make_common_data_structure(handler(cur))

[2024-11-18T06:48:06.604+0000] {taskinstance.py:1149} INFO - Marking task as SUCCESS. dag_id=crud_postgres, task_id=create_schema, execution_date=20241117T000000, start_date=20241118T064806, end_date=20241118T064806
[2024-11-18T06:48:06.622+0000] {local_task_job_runner.py:234} INFO - Task exited with return code 0
[2024-11-18T06:48:06.633+0000] {warnings.py:109} WARNING - /home/***/.local/lib/python3.8/site-packages/***/models/baseoperator.py:1201: AirflowProviderDeprecationWarning: Call to deprecated class PostgresOperator. (Please use `***.providers.common.sql.operators.sql.SQLExecuteQueryOperator`.Also, you can provide `hook_params={'schema': <database>}`.)
  result = cls.__new__(cls)

[2024-11-18T06:48:06.648+0000] {taskinstance.py:3312} INFO - 1 downstream tasks scheduled from follow-on schedule check
