[2024-11-19T06:42:26.921+0000] {taskinstance.py:1979} INFO - Dependencies all met for dep_context=non-requeueable deps ti=<TaskInstance: my_pipeline.loading_telco_data scheduled__2024-11-18T00:00:00+00:00 [queued]>
[2024-11-19T06:42:26.930+0000] {taskinstance.py:1979} INFO - Dependencies all met for dep_context=requeueable deps ti=<TaskInstance: my_pipeline.loading_telco_data scheduled__2024-11-18T00:00:00+00:00 [queued]>
[2024-11-19T06:42:26.931+0000] {taskinstance.py:2193} INFO - Starting attempt 1 of 1
[2024-11-19T06:42:26.945+0000] {taskinstance.py:2217} INFO - Executing <Task(PythonOperator): loading_telco_data> on 2024-11-18 00:00:00+00:00
[2024-11-19T06:42:26.952+0000] {standard_task_runner.py:60} INFO - Started process 53849 to run task
[2024-11-19T06:42:26.958+0000] {standard_task_runner.py:87} INFO - Running: ['***', 'tasks', 'run', 'my_pipeline', 'loading_telco_data', 'scheduled__2024-11-18T00:00:00+00:00', '--job-id', '11687', '--raw', '--subdir', 'DAGS_FOLDER/my_pipeline.py', '--cfg-path', '/tmp/tmpqjr5v0j7']
[2024-11-19T06:42:26.961+0000] {standard_task_runner.py:88} INFO - Job 11687: Subtask loading_telco_data
[2024-11-19T06:42:27.022+0000] {task_command.py:423} INFO - Running <TaskInstance: my_pipeline.loading_telco_data scheduled__2024-11-18T00:00:00+00:00 [running]> on host 3c704ad499e6
[2024-11-19T06:42:27.109+0000] {taskinstance.py:2513} INFO - Exporting env vars: AIRFLOW_CTX_DAG_OWNER='***' AIRFLOW_CTX_DAG_ID='my_pipeline' AIRFLOW_CTX_TASK_ID='loading_telco_data' AIRFLOW_CTX_EXECUTION_DATE='2024-11-18T00:00:00+00:00' AIRFLOW_CTX_TRY_NUMBER='1' AIRFLOW_CTX_DAG_RUN_ID='scheduled__2024-11-18T00:00:00+00:00'
[2024-11-19T06:42:27.116+0000] {_universal.py:511} INFO - Request URL: 'https://***lab2024.blob.core.windows.net/ais-container/phawatmk/telco_dataset.csv'
Request method: 'PUT'
Request headers:
    'Content-Length': '17095'
    'x-ms-blob-type': 'REDACTED'
    'x-ms-version': 'REDACTED'
    'Content-Type': 'application/octet-stream'
    'Accept': 'application/xml'
    'User-Agent': 'azsdk-python-storage-blob/12.19.1 Python/3.8.18 (Linux-6.5.0-1025-azure-x86_64-with-glibc2.34)'
    'x-ms-date': 'REDACTED'
    'x-ms-client-request-id': '71073c36-a641-11ef-954d-0242ac120004'
    'Authorization': 'REDACTED'
A body is sent with the request
[2024-11-19T06:42:27.197+0000] {_universal.py:550} INFO - Response status: 201
Response headers:
    'Content-Length': '0'
    'Content-MD5': 'REDACTED'
    'Last-Modified': 'Tue, 19 Nov 2024 06:42:27 GMT'
    'ETag': '"0x8DD086555484E3C"'
    'Server': 'Windows-Azure-Blob/1.0 Microsoft-HTTPAPI/2.0'
    'x-ms-request-id': '9501d7e3-001e-005c-634e-3a845b000000'
    'x-ms-client-request-id': '71073c36-a641-11ef-954d-0242ac120004'
    'x-ms-version': 'REDACTED'
    'x-ms-content-crc64': 'REDACTED'
    'x-ms-request-server-encrypted': 'REDACTED'
    'Date': 'Tue, 19 Nov 2024 06:42:26 GMT'
[2024-11-19T06:42:27.198+0000] {logging_mixin.py:188} INFO - Uploaded /opt/***/dags/output/transformed_telco_data.parquet as phawatmk/telco_dataset.csv to the container
[2024-11-19T06:42:27.201+0000] {python.py:202} INFO - Done. Returned value was: None
[2024-11-19T06:42:27.212+0000] {taskinstance.py:1149} INFO - Marking task as SUCCESS. dag_id=my_pipeline, task_id=loading_telco_data, execution_date=20241118T000000, start_date=20241119T064226, end_date=20241119T064227
[2024-11-19T06:42:27.249+0000] {local_task_job_runner.py:234} INFO - Task exited with return code 0
[2024-11-19T06:42:27.265+0000] {taskinstance.py:3312} INFO - 0 downstream tasks scheduled from follow-on schedule check
