[2024-11-19T04:39:52.062+0000] {taskinstance.py:1979} INFO - Dependencies all met for dep_context=non-requeueable deps ti=<TaskInstance: retail_business_logic_check.check_business_logic manual__2024-11-19T04:39:50.733046+00:00 [queued]>
[2024-11-19T04:39:52.072+0000] {taskinstance.py:1979} INFO - Dependencies all met for dep_context=requeueable deps ti=<TaskInstance: retail_business_logic_check.check_business_logic manual__2024-11-19T04:39:50.733046+00:00 [queued]>
[2024-11-19T04:39:52.073+0000] {taskinstance.py:2193} INFO - Starting attempt 1 of 1
[2024-11-19T04:39:52.087+0000] {taskinstance.py:2217} INFO - Executing <Task(ShortCircuitOperator): check_business_logic> on 2024-11-19 04:39:50.733046+00:00
[2024-11-19T04:39:52.092+0000] {standard_task_runner.py:60} INFO - Started process 51988 to run task
[2024-11-19T04:39:52.096+0000] {standard_task_runner.py:87} INFO - Running: ['***', 'tasks', 'run', 'retail_business_logic_check', 'check_business_logic', 'manual__2024-11-19T04:39:50.733046+00:00', '--job-id', '11673', '--raw', '--subdir', 'DAGS_FOLDER/retail_business_logic_check.py', '--cfg-path', '/tmp/tmpj5w1anhq']
[2024-11-19T04:39:52.097+0000] {standard_task_runner.py:88} INFO - Job 11673: Subtask check_business_logic
[2024-11-19T04:39:52.146+0000] {task_command.py:423} INFO - Running <TaskInstance: retail_business_logic_check.check_business_logic manual__2024-11-19T04:39:50.733046+00:00 [running]> on host 3c704ad499e6
[2024-11-19T04:39:52.223+0000] {taskinstance.py:2513} INFO - Exporting env vars: AIRFLOW_CTX_DAG_OWNER='***' AIRFLOW_CTX_DAG_ID='retail_business_logic_check' AIRFLOW_CTX_TASK_ID='check_business_logic' AIRFLOW_CTX_EXECUTION_DATE='2024-11-19T04:39:50.733046+00:00' AIRFLOW_CTX_TRY_NUMBER='1' AIRFLOW_CTX_DAG_RUN_ID='manual__2024-11-19T04:39:50.733046+00:00'
[2024-11-19T04:39:52.224+0000] {logging_mixin.py:188} INFO - Inventory Check: True (Available: 100, Required: 50)
[2024-11-19T04:39:52.225+0000] {logging_mixin.py:188} INFO - Price Check: True (Product Price: 20.0, Minimum Price: 15.0)
[2024-11-19T04:39:52.225+0000] {logging_mixin.py:188} INFO - Sales Period Active: False
[2024-11-19T04:39:52.259+0000] {logging_mixin.py:188} INFO - Business logic check result: False
[2024-11-19T04:39:52.259+0000] {python.py:202} INFO - Done. Returned value was: False
[2024-11-19T04:39:52.260+0000] {python.py:269} INFO - Condition result is False
[2024-11-19T04:39:52.261+0000] {python.py:296} INFO - Skipping downstream tasks
[2024-11-19T04:39:52.283+0000] {python.py:304} INFO - Done.
[2024-11-19T04:39:52.302+0000] {taskinstance.py:1149} INFO - Marking task as SUCCESS. dag_id=retail_business_logic_check, task_id=check_business_logic, execution_date=20241119T043950, start_date=20241119T043952, end_date=20241119T043952
[2024-11-19T04:39:52.348+0000] {local_task_job_runner.py:234} INFO - Task exited with return code 0
[2024-11-19T04:39:52.368+0000] {taskinstance.py:3312} INFO - 0 downstream tasks scheduled from follow-on schedule check
