[2024-11-19T06:55:42.542+0000] {taskinstance.py:1979} INFO - Dependencies all met for dep_context=non-requeueable deps ti=<TaskInstance: my_pipeline.loading_telco_data manual__2024-11-19T06:55:31.599299+00:00 [queued]>
[2024-11-19T06:55:42.550+0000] {taskinstance.py:1979} INFO - Dependencies all met for dep_context=requeueable deps ti=<TaskInstance: my_pipeline.loading_telco_data manual__2024-11-19T06:55:31.599299+00:00 [queued]>
[2024-11-19T06:55:42.551+0000] {taskinstance.py:2193} INFO - Starting attempt 1 of 1
[2024-11-19T06:55:42.565+0000] {taskinstance.py:2217} INFO - Executing <Task(PythonOperator): loading_telco_data> on 2024-11-19 06:55:31.599299+00:00
[2024-11-19T06:55:42.571+0000] {standard_task_runner.py:60} INFO - Started process 54147 to run task
[2024-11-19T06:55:42.575+0000] {standard_task_runner.py:87} INFO - Running: ['***', 'tasks', 'run', 'my_pipeline', 'loading_telco_data', 'manual__2024-11-19T06:55:31.599299+00:00', '--job-id', '11712', '--raw', '--subdir', 'DAGS_FOLDER/my_pipeline.py', '--cfg-path', '/tmp/tmpyzygog9h']
[2024-11-19T06:55:42.578+0000] {standard_task_runner.py:88} INFO - Job 11712: Subtask loading_telco_data
[2024-11-19T06:55:42.630+0000] {task_command.py:423} INFO - Running <TaskInstance: my_pipeline.loading_telco_data manual__2024-11-19T06:55:31.599299+00:00 [running]> on host 3c704ad499e6
[2024-11-19T06:55:42.721+0000] {taskinstance.py:2513} INFO - Exporting env vars: AIRFLOW_CTX_DAG_OWNER='***' AIRFLOW_CTX_DAG_ID='my_pipeline' AIRFLOW_CTX_TASK_ID='loading_telco_data' AIRFLOW_CTX_EXECUTION_DATE='2024-11-19T06:55:31.599299+00:00' AIRFLOW_CTX_TRY_NUMBER='1' AIRFLOW_CTX_DAG_RUN_ID='manual__2024-11-19T06:55:31.599299+00:00'
[2024-11-19T06:55:42.727+0000] {_universal.py:511} INFO - Request URL: 'https://***lab2024.blob.core.windows.net/ais-container/phawatmk/telco_dataset.csv'
Request method: 'PUT'
Request headers:
    'Content-Length': '17095'
    'x-ms-blob-type': 'REDACTED'
    'x-ms-version': 'REDACTED'
    'Content-Type': 'application/octet-stream'
    'Accept': 'application/xml'
    'User-Agent': 'azsdk-python-storage-blob/12.19.1 Python/3.8.18 (Linux-6.5.0-1025-azure-x86_64-with-glibc2.34)'
    'x-ms-date': 'REDACTED'
    'x-ms-client-request-id': '4b3fd90c-a643-11ef-a541-0242ac120004'
    'Authorization': 'REDACTED'
A body is sent with the request
[2024-11-19T06:55:42.806+0000] {_universal.py:550} INFO - Response status: 201
Response headers:
    'Content-Length': '0'
    'Content-MD5': 'REDACTED'
    'Last-Modified': 'Tue, 19 Nov 2024 06:55:42 GMT'
    'ETag': '"0x8DD08672F80905B"'
    'Server': 'Windows-Azure-Blob/1.0 Microsoft-HTTPAPI/2.0'
    'x-ms-request-id': '8fc68e06-301e-0057-0e50-3a7f30000000'
    'x-ms-client-request-id': '4b3fd90c-a643-11ef-a541-0242ac120004'
    'x-ms-version': 'REDACTED'
    'x-ms-content-crc64': 'REDACTED'
    'x-ms-request-server-encrypted': 'REDACTED'
    'Date': 'Tue, 19 Nov 2024 06:55:42 GMT'
[2024-11-19T06:55:42.807+0000] {logging_mixin.py:188} INFO - Uploaded /opt/***/dags/output/transformed_telco_data.parquet as phawatmk/telco_dataset.csv to the container
[2024-11-19T06:55:42.809+0000] {python.py:202} INFO - Done. Returned value was: None
[2024-11-19T06:55:42.819+0000] {taskinstance.py:1149} INFO - Marking task as SUCCESS. dag_id=my_pipeline, task_id=loading_telco_data, execution_date=20241119T065531, start_date=20241119T065542, end_date=20241119T065542
[2024-11-19T06:55:42.868+0000] {local_task_job_runner.py:234} INFO - Task exited with return code 0
[2024-11-19T06:55:42.889+0000] {taskinstance.py:3312} INFO - 0 downstream tasks scheduled from follow-on schedule check
