[2024-11-18T06:20:19.505+0000] {taskinstance.py:1979} INFO - Dependencies all met for dep_context=non-requeueable deps ti=<TaskInstance: azure_blob_ingestion_with_upload.upload_blob manual__2024-11-18T06:20:17.450520+00:00 [queued]>
[2024-11-18T06:20:19.514+0000] {taskinstance.py:1979} INFO - Dependencies all met for dep_context=requeueable deps ti=<TaskInstance: azure_blob_ingestion_with_upload.upload_blob manual__2024-11-18T06:20:17.450520+00:00 [queued]>
[2024-11-18T06:20:19.514+0000] {taskinstance.py:2193} INFO - Starting attempt 1 of 1
[2024-11-18T06:20:19.526+0000] {taskinstance.py:2217} INFO - Executing <Task(PythonOperator): upload_blob> on 2024-11-18 06:20:17.450520+00:00
[2024-11-18T06:20:19.531+0000] {standard_task_runner.py:60} INFO - Started process 14149 to run task
[2024-11-18T06:20:19.534+0000] {standard_task_runner.py:87} INFO - Running: ['***', 'tasks', 'run', 'azure_blob_ingestion_with_upload', 'upload_blob', 'manual__2024-11-18T06:20:17.450520+00:00', '--job-id', '3667', '--raw', '--subdir', 'DAGS_FOLDER/Access_AzureBlobStorage.py', '--cfg-path', '/tmp/tmpnj9d11v_']
[2024-11-18T06:20:19.536+0000] {standard_task_runner.py:88} INFO - Job 3667: Subtask upload_blob
[2024-11-18T06:20:19.581+0000] {task_command.py:423} INFO - Running <TaskInstance: azure_blob_ingestion_with_upload.upload_blob manual__2024-11-18T06:20:17.450520+00:00 [running]> on host 3c704ad499e6
[2024-11-18T06:20:19.651+0000] {taskinstance.py:2513} INFO - Exporting env vars: AIRFLOW_CTX_DAG_OWNER='***' AIRFLOW_CTX_DAG_ID='azure_blob_ingestion_with_upload' AIRFLOW_CTX_TASK_ID='upload_blob' AIRFLOW_CTX_EXECUTION_DATE='2024-11-18T06:20:17.450520+00:00' AIRFLOW_CTX_TRY_NUMBER='1' AIRFLOW_CTX_DAG_RUN_ID='manual__2024-11-18T06:20:17.450520+00:00'
[2024-11-18T06:20:19.656+0000] {_universal.py:511} INFO - Request URL: 'https://***lab2024.blob.core.windows.net/ais-container/phawatmk/test_local.txt'
Request method: 'PUT'
Request headers:
    'Content-Length': '115'
    'x-ms-blob-type': 'REDACTED'
    'x-ms-version': 'REDACTED'
    'Content-Type': 'application/octet-stream'
    'Accept': 'application/xml'
    'User-Agent': 'azsdk-python-storage-blob/12.19.1 Python/3.8.18 (Linux-6.5.0-1025-azure-x86_64-with-glibc2.34)'
    'x-ms-date': 'REDACTED'
    'x-ms-client-request-id': '2f63297e-a575-11ef-a20d-0242ac120004'
    'Authorization': 'REDACTED'
A body is sent with the request
[2024-11-18T06:20:19.721+0000] {_universal.py:550} INFO - Response status: 201
Response headers:
    'Content-Length': '0'
    'Content-MD5': 'REDACTED'
    'Last-Modified': 'Mon, 18 Nov 2024 06:20:19 GMT'
    'ETag': '"0x8DD079913A2EBCB"'
    'Server': 'Windows-Azure-Blob/1.0 Microsoft-HTTPAPI/2.0'
    'x-ms-request-id': 'bad39889-401e-004d-3381-391eef000000'
    'x-ms-client-request-id': '2f63297e-a575-11ef-a20d-0242ac120004'
    'x-ms-version': 'REDACTED'
    'x-ms-content-crc64': 'REDACTED'
    'x-ms-request-server-encrypted': 'REDACTED'
    'Date': 'Mon, 18 Nov 2024 06:20:19 GMT'
[2024-11-18T06:20:19.722+0000] {logging_mixin.py:188} INFO - Uploaded /opt/***/dags/test.txt as phawatmk/test_local.txt to the container
[2024-11-18T06:20:19.722+0000] {python.py:202} INFO - Done. Returned value was: None
[2024-11-18T06:20:19.731+0000] {taskinstance.py:1149} INFO - Marking task as SUCCESS. dag_id=azure_blob_ingestion_with_upload, task_id=upload_blob, execution_date=20241118T062017, start_date=20241118T062019, end_date=20241118T062019
[2024-11-18T06:20:19.749+0000] {local_task_job_runner.py:234} INFO - Task exited with return code 0
[2024-11-18T06:20:19.769+0000] {taskinstance.py:3312} INFO - 1 downstream tasks scheduled from follow-on schedule check
