[2024-11-18T06:48:07.498+0000] {taskinstance.py:1979} INFO - Dependencies all met for dep_context=non-requeueable deps ti=<TaskInstance: crud_postgres.create_table scheduled__2024-11-17T00:00:00+00:00 [queued]>
[2024-11-18T06:48:07.507+0000] {taskinstance.py:1979} INFO - Dependencies all met for dep_context=requeueable deps ti=<TaskInstance: crud_postgres.create_table scheduled__2024-11-17T00:00:00+00:00 [queued]>
[2024-11-18T06:48:07.508+0000] {taskinstance.py:2193} INFO - Starting attempt 1 of 2
[2024-11-18T06:48:07.520+0000] {taskinstance.py:2217} INFO - Executing <Task(PostgresOperator): create_table> on 2024-11-17 00:00:00+00:00
[2024-11-18T06:48:07.525+0000] {standard_task_runner.py:60} INFO - Started process 14574 to run task
[2024-11-18T06:48:07.530+0000] {standard_task_runner.py:87} INFO - Running: ['***', 'tasks', 'run', 'crud_postgres', 'create_table', 'scheduled__2024-11-17T00:00:00+00:00', '--job-id', '3675', '--raw', '--subdir', 'DAGS_FOLDER/CRUD_Postgres.py', '--cfg-path', '/tmp/tmpn5wi82pu']
[2024-11-18T06:48:07.531+0000] {standard_task_runner.py:88} INFO - Job 3675: Subtask create_table
[2024-11-18T06:48:07.581+0000] {task_command.py:423} INFO - Running <TaskInstance: crud_postgres.create_table scheduled__2024-11-17T00:00:00+00:00 [running]> on host 3c704ad499e6
[2024-11-18T06:48:07.653+0000] {taskinstance.py:2513} INFO - Exporting env vars: AIRFLOW_CTX_DAG_OWNER='***' AIRFLOW_CTX_DAG_ID='crud_postgres' AIRFLOW_CTX_TASK_ID='create_table' AIRFLOW_CTX_EXECUTION_DATE='2024-11-17T00:00:00+00:00' AIRFLOW_CTX_TRY_NUMBER='1' AIRFLOW_CTX_DAG_RUN_ID='scheduled__2024-11-17T00:00:00+00:00'
[2024-11-18T06:48:07.654+0000] {sql.py:276} INFO - Executing: 
        CREATE TABLE IF NOT EXISTS phawatmk.weekly_covid19_reports (
            id SERIAL PRIMARY KEY,
            year INTEGER,
            weeknum INTEGER,
            new_case INTEGER,
            total_case INTEGER,
            new_case_excludeabroad INTEGER,
            total_case_excludeabroad INTEGER,
            new_recovered INTEGER,
            total_recovered INTEGER,
            new_death INTEGER,
            total_death INTEGER,
            case_foreign INTEGER,
            case_prison INTEGER,
            case_walkin INTEGER,
            case_new_prev INTEGER,
            case_new_diff INTEGER,
            death_new_prev INTEGER,
            death_new_diff INTEGER,
            update_date TIMESTAMP
        );
        
[2024-11-18T06:48:07.662+0000] {base.py:83} INFO - Using connection ID 'azure_postgres_conn' for task execution.
[2024-11-18T06:48:07.679+0000] {base.py:83} INFO - Using connection ID 'azure_postgres_conn' for task execution.
[2024-11-18T06:48:07.722+0000] {sql.py:457} INFO - Running statement: 
        CREATE TABLE IF NOT EXISTS phawatmk.weekly_covid19_reports (
            id SERIAL PRIMARY KEY,
            year INTEGER,
            weeknum INTEGER,
            new_case INTEGER,
            total_case INTEGER,
            new_case_excludeabroad INTEGER,
            total_case_excludeabroad INTEGER,
            new_recovered INTEGER,
            total_recovered INTEGER,
            new_death INTEGER,
            total_death INTEGER,
            case_foreign INTEGER,
            case_prison INTEGER,
            case_walkin INTEGER,
            case_new_prev INTEGER,
            case_new_diff INTEGER,
            death_new_prev INTEGER,
            death_new_diff INTEGER,
            update_date TIMESTAMP
        );
        , parameters: None
[2024-11-18T06:48:07.726+0000] {warnings.py:109} WARNING - /home/***/.local/lib/python3.8/site-packages/***/providers/common/sql/hooks/sql.py:407: AirflowProviderDeprecationWarning: Call to deprecated method _make_common_data_structure. (The `_make_serializable` method is deprecated and support will be removed in a future version of the common.sql provider. Please update the DbApiHook's provider to a version based on common.sql >= 1.9.1.)
  result = self._make_common_data_structure(handler(cur))

[2024-11-18T06:48:07.738+0000] {taskinstance.py:1149} INFO - Marking task as SUCCESS. dag_id=crud_postgres, task_id=create_table, execution_date=20241117T000000, start_date=20241118T064807, end_date=20241118T064807
[2024-11-18T06:48:07.781+0000] {local_task_job_runner.py:234} INFO - Task exited with return code 0
[2024-11-18T06:48:07.792+0000] {warnings.py:109} WARNING - /home/***/.local/lib/python3.8/site-packages/***/models/baseoperator.py:1201: AirflowProviderDeprecationWarning: Call to deprecated class PostgresOperator. (Please use `***.providers.common.sql.operators.sql.SQLExecuteQueryOperator`.Also, you can provide `hook_params={'schema': <database>}`.)
  result = cls.__new__(cls)

[2024-11-18T06:48:07.808+0000] {taskinstance.py:3312} INFO - 1 downstream tasks scheduled from follow-on schedule check
