[2024-11-19T08:12:47.655+0000] {processor.py:161} INFO - Started process (PID=104714) to work on /opt/airflow/dags/example_custom_sensor_dag.py
[2024-11-19T08:12:47.656+0000] {processor.py:830} INFO - Processing file /opt/airflow/dags/example_custom_sensor_dag.py for tasks to queue
[2024-11-19T08:12:47.657+0000] {logging_mixin.py:188} INFO - [2024-11-19T08:12:47.657+0000] {dagbag.py:540} INFO - Filling up the DagBag from /opt/airflow/dags/example_custom_sensor_dag.py
[2024-11-19T08:12:47.683+0000] {processor.py:840} INFO - DAG(s) 'example_custom_sensor_dag' retrieved from /opt/airflow/dags/example_custom_sensor_dag.py
[2024-11-19T08:12:47.785+0000] {logging_mixin.py:188} INFO - [2024-11-19T08:12:47.784+0000] {override.py:1769} INFO - Created Permission View: can edit on DAG:example_custom_sensor_dag
[2024-11-19T08:12:47.795+0000] {logging_mixin.py:188} INFO - [2024-11-19T08:12:47.795+0000] {override.py:1769} INFO - Created Permission View: can read on DAG:example_custom_sensor_dag
[2024-11-19T08:12:47.802+0000] {logging_mixin.py:188} INFO - [2024-11-19T08:12:47.802+0000] {override.py:1769} INFO - Created Permission View: can delete on DAG:example_custom_sensor_dag
[2024-11-19T08:12:47.803+0000] {logging_mixin.py:188} INFO - [2024-11-19T08:12:47.802+0000] {dag.py:3047} INFO - Sync 1 DAGs
[2024-11-19T08:12:47.813+0000] {logging_mixin.py:188} INFO - [2024-11-19T08:12:47.813+0000] {dag.py:3069} INFO - Creating ORM DAG for example_custom_sensor_dag
[2024-11-19T08:12:47.814+0000] {logging_mixin.py:188} INFO - [2024-11-19T08:12:47.814+0000] {dag.py:3834} INFO - Setting next_dagrun for example_custom_sensor_dag to None, run_after=None
[2024-11-19T08:12:47.830+0000] {processor.py:183} INFO - Processing /opt/airflow/dags/example_custom_sensor_dag.py took 0.180 seconds
[2024-11-19T08:13:18.315+0000] {processor.py:161} INFO - Started process (PID=104757) to work on /opt/airflow/dags/example_custom_sensor_dag.py
[2024-11-19T08:13:18.316+0000] {processor.py:830} INFO - Processing file /opt/airflow/dags/example_custom_sensor_dag.py for tasks to queue
[2024-11-19T08:13:18.317+0000] {logging_mixin.py:188} INFO - [2024-11-19T08:13:18.317+0000] {dagbag.py:540} INFO - Filling up the DagBag from /opt/airflow/dags/example_custom_sensor_dag.py
[2024-11-19T08:13:18.344+0000] {processor.py:840} INFO - DAG(s) 'example_custom_sensor_dag' retrieved from /opt/airflow/dags/example_custom_sensor_dag.py
[2024-11-19T08:13:18.360+0000] {logging_mixin.py:188} INFO - [2024-11-19T08:13:18.359+0000] {dag.py:3047} INFO - Sync 1 DAGs
[2024-11-19T08:13:18.373+0000] {logging_mixin.py:188} INFO - [2024-11-19T08:13:18.373+0000] {dag.py:3834} INFO - Setting next_dagrun for example_custom_sensor_dag to None, run_after=None
[2024-11-19T08:13:18.392+0000] {processor.py:183} INFO - Processing /opt/airflow/dags/example_custom_sensor_dag.py took 0.081 seconds
[2024-11-19T08:13:48.790+0000] {processor.py:161} INFO - Started process (PID=104800) to work on /opt/airflow/dags/example_custom_sensor_dag.py
[2024-11-19T08:13:48.792+0000] {processor.py:830} INFO - Processing file /opt/airflow/dags/example_custom_sensor_dag.py for tasks to queue
[2024-11-19T08:13:48.793+0000] {logging_mixin.py:188} INFO - [2024-11-19T08:13:48.792+0000] {dagbag.py:540} INFO - Filling up the DagBag from /opt/airflow/dags/example_custom_sensor_dag.py
[2024-11-19T08:13:48.819+0000] {processor.py:840} INFO - DAG(s) 'example_custom_sensor_dag' retrieved from /opt/airflow/dags/example_custom_sensor_dag.py
[2024-11-19T08:13:48.833+0000] {logging_mixin.py:188} INFO - [2024-11-19T08:13:48.833+0000] {dag.py:3047} INFO - Sync 1 DAGs
[2024-11-19T08:13:48.847+0000] {logging_mixin.py:188} INFO - [2024-11-19T08:13:48.846+0000] {dag.py:3834} INFO - Setting next_dagrun for example_custom_sensor_dag to None, run_after=None
[2024-11-19T08:13:48.865+0000] {processor.py:183} INFO - Processing /opt/airflow/dags/example_custom_sensor_dag.py took 0.081 seconds
[2024-11-19T08:14:19.819+0000] {processor.py:161} INFO - Started process (PID=104843) to work on /opt/airflow/dags/example_custom_sensor_dag.py
[2024-11-19T08:14:19.821+0000] {processor.py:830} INFO - Processing file /opt/airflow/dags/example_custom_sensor_dag.py for tasks to queue
[2024-11-19T08:14:19.822+0000] {logging_mixin.py:188} INFO - [2024-11-19T08:14:19.821+0000] {dagbag.py:540} INFO - Filling up the DagBag from /opt/airflow/dags/example_custom_sensor_dag.py
[2024-11-19T08:14:19.851+0000] {processor.py:840} INFO - DAG(s) 'example_custom_sensor_dag' retrieved from /opt/airflow/dags/example_custom_sensor_dag.py
[2024-11-19T08:14:19.865+0000] {logging_mixin.py:188} INFO - [2024-11-19T08:14:19.865+0000] {dag.py:3047} INFO - Sync 1 DAGs
[2024-11-19T08:14:19.879+0000] {logging_mixin.py:188} INFO - [2024-11-19T08:14:19.878+0000] {dag.py:3834} INFO - Setting next_dagrun for example_custom_sensor_dag to None, run_after=None
[2024-11-19T08:14:19.897+0000] {processor.py:183} INFO - Processing /opt/airflow/dags/example_custom_sensor_dag.py took 0.084 seconds
[2024-11-19T08:14:50.542+0000] {processor.py:161} INFO - Started process (PID=104886) to work on /opt/airflow/dags/example_custom_sensor_dag.py
[2024-11-19T08:14:50.543+0000] {processor.py:830} INFO - Processing file /opt/airflow/dags/example_custom_sensor_dag.py for tasks to queue
[2024-11-19T08:14:50.544+0000] {logging_mixin.py:188} INFO - [2024-11-19T08:14:50.544+0000] {dagbag.py:540} INFO - Filling up the DagBag from /opt/airflow/dags/example_custom_sensor_dag.py
[2024-11-19T08:14:50.574+0000] {processor.py:840} INFO - DAG(s) 'example_custom_sensor_dag' retrieved from /opt/airflow/dags/example_custom_sensor_dag.py
[2024-11-19T08:14:50.590+0000] {logging_mixin.py:188} INFO - [2024-11-19T08:14:50.590+0000] {dag.py:3047} INFO - Sync 1 DAGs
[2024-11-19T08:14:50.605+0000] {logging_mixin.py:188} INFO - [2024-11-19T08:14:50.604+0000] {dag.py:3834} INFO - Setting next_dagrun for example_custom_sensor_dag to None, run_after=None
[2024-11-19T08:14:50.625+0000] {processor.py:183} INFO - Processing /opt/airflow/dags/example_custom_sensor_dag.py took 0.089 seconds
[2024-11-19T08:15:21.062+0000] {processor.py:161} INFO - Started process (PID=104929) to work on /opt/airflow/dags/example_custom_sensor_dag.py
[2024-11-19T08:15:21.063+0000] {processor.py:830} INFO - Processing file /opt/airflow/dags/example_custom_sensor_dag.py for tasks to queue
[2024-11-19T08:15:21.064+0000] {logging_mixin.py:188} INFO - [2024-11-19T08:15:21.064+0000] {dagbag.py:540} INFO - Filling up the DagBag from /opt/airflow/dags/example_custom_sensor_dag.py
[2024-11-19T08:15:21.091+0000] {processor.py:840} INFO - DAG(s) 'example_custom_sensor_dag' retrieved from /opt/airflow/dags/example_custom_sensor_dag.py
[2024-11-19T08:15:21.104+0000] {logging_mixin.py:188} INFO - [2024-11-19T08:15:21.104+0000] {dag.py:3047} INFO - Sync 1 DAGs
[2024-11-19T08:15:21.117+0000] {logging_mixin.py:188} INFO - [2024-11-19T08:15:21.117+0000] {dag.py:3834} INFO - Setting next_dagrun for example_custom_sensor_dag to None, run_after=None
[2024-11-19T08:15:21.178+0000] {processor.py:183} INFO - Processing /opt/airflow/dags/example_custom_sensor_dag.py took 0.120 seconds
[2024-11-19T08:15:51.299+0000] {processor.py:161} INFO - Started process (PID=104972) to work on /opt/airflow/dags/example_custom_sensor_dag.py
[2024-11-19T08:15:51.300+0000] {processor.py:830} INFO - Processing file /opt/airflow/dags/example_custom_sensor_dag.py for tasks to queue
[2024-11-19T08:15:51.301+0000] {logging_mixin.py:188} INFO - [2024-11-19T08:15:51.301+0000] {dagbag.py:540} INFO - Filling up the DagBag from /opt/airflow/dags/example_custom_sensor_dag.py
[2024-11-19T08:15:51.328+0000] {processor.py:840} INFO - DAG(s) 'example_custom_sensor_dag' retrieved from /opt/airflow/dags/example_custom_sensor_dag.py
[2024-11-19T08:15:51.344+0000] {logging_mixin.py:188} INFO - [2024-11-19T08:15:51.343+0000] {dag.py:3047} INFO - Sync 1 DAGs
[2024-11-19T08:15:51.358+0000] {logging_mixin.py:188} INFO - [2024-11-19T08:15:51.357+0000] {dag.py:3834} INFO - Setting next_dagrun for example_custom_sensor_dag to None, run_after=None
[2024-11-19T08:15:51.377+0000] {processor.py:183} INFO - Processing /opt/airflow/dags/example_custom_sensor_dag.py took 0.083 seconds
[2024-11-19T08:16:21.713+0000] {processor.py:161} INFO - Started process (PID=105012) to work on /opt/airflow/dags/example_custom_sensor_dag.py
[2024-11-19T08:16:21.714+0000] {processor.py:830} INFO - Processing file /opt/airflow/dags/example_custom_sensor_dag.py for tasks to queue
[2024-11-19T08:16:21.715+0000] {logging_mixin.py:188} INFO - [2024-11-19T08:16:21.715+0000] {dagbag.py:540} INFO - Filling up the DagBag from /opt/airflow/dags/example_custom_sensor_dag.py
[2024-11-19T08:16:21.742+0000] {processor.py:840} INFO - DAG(s) 'example_custom_sensor_dag' retrieved from /opt/airflow/dags/example_custom_sensor_dag.py
[2024-11-19T08:16:21.756+0000] {logging_mixin.py:188} INFO - [2024-11-19T08:16:21.756+0000] {dag.py:3047} INFO - Sync 1 DAGs
[2024-11-19T08:16:21.769+0000] {logging_mixin.py:188} INFO - [2024-11-19T08:16:21.769+0000] {dag.py:3834} INFO - Setting next_dagrun for example_custom_sensor_dag to None, run_after=None
[2024-11-19T08:16:21.791+0000] {processor.py:183} INFO - Processing /opt/airflow/dags/example_custom_sensor_dag.py took 0.082 seconds
[2024-11-19T08:16:51.918+0000] {processor.py:161} INFO - Started process (PID=105050) to work on /opt/airflow/dags/example_custom_sensor_dag.py
[2024-11-19T08:16:51.920+0000] {processor.py:830} INFO - Processing file /opt/airflow/dags/example_custom_sensor_dag.py for tasks to queue
[2024-11-19T08:16:51.921+0000] {logging_mixin.py:188} INFO - [2024-11-19T08:16:51.921+0000] {dagbag.py:540} INFO - Filling up the DagBag from /opt/airflow/dags/example_custom_sensor_dag.py
[2024-11-19T08:16:51.947+0000] {processor.py:840} INFO - DAG(s) 'example_custom_sensor_dag' retrieved from /opt/airflow/dags/example_custom_sensor_dag.py
[2024-11-19T08:16:51.962+0000] {logging_mixin.py:188} INFO - [2024-11-19T08:16:51.961+0000] {dag.py:3047} INFO - Sync 1 DAGs
[2024-11-19T08:16:51.975+0000] {logging_mixin.py:188} INFO - [2024-11-19T08:16:51.975+0000] {dag.py:3834} INFO - Setting next_dagrun for example_custom_sensor_dag to None, run_after=None
[2024-11-19T08:16:51.994+0000] {processor.py:183} INFO - Processing /opt/airflow/dags/example_custom_sensor_dag.py took 0.081 seconds
[2024-11-19T08:17:22.805+0000] {processor.py:161} INFO - Started process (PID=105093) to work on /opt/airflow/dags/example_custom_sensor_dag.py
[2024-11-19T08:17:22.806+0000] {processor.py:830} INFO - Processing file /opt/airflow/dags/example_custom_sensor_dag.py for tasks to queue
[2024-11-19T08:17:22.807+0000] {logging_mixin.py:188} INFO - [2024-11-19T08:17:22.807+0000] {dagbag.py:540} INFO - Filling up the DagBag from /opt/airflow/dags/example_custom_sensor_dag.py
[2024-11-19T08:17:22.834+0000] {processor.py:840} INFO - DAG(s) 'example_custom_sensor_dag' retrieved from /opt/airflow/dags/example_custom_sensor_dag.py
[2024-11-19T08:17:22.851+0000] {logging_mixin.py:188} INFO - [2024-11-19T08:17:22.851+0000] {dag.py:3047} INFO - Sync 1 DAGs
[2024-11-19T08:17:22.865+0000] {logging_mixin.py:188} INFO - [2024-11-19T08:17:22.864+0000] {dag.py:3834} INFO - Setting next_dagrun for example_custom_sensor_dag to None, run_after=None
[2024-11-19T08:17:22.883+0000] {processor.py:183} INFO - Processing /opt/airflow/dags/example_custom_sensor_dag.py took 0.083 seconds
[2024-11-19T08:17:53.843+0000] {processor.py:161} INFO - Started process (PID=105136) to work on /opt/airflow/dags/example_custom_sensor_dag.py
[2024-11-19T08:17:53.844+0000] {processor.py:830} INFO - Processing file /opt/airflow/dags/example_custom_sensor_dag.py for tasks to queue
[2024-11-19T08:17:53.845+0000] {logging_mixin.py:188} INFO - [2024-11-19T08:17:53.845+0000] {dagbag.py:540} INFO - Filling up the DagBag from /opt/airflow/dags/example_custom_sensor_dag.py
[2024-11-19T08:17:53.875+0000] {processor.py:840} INFO - DAG(s) 'example_custom_sensor_dag' retrieved from /opt/airflow/dags/example_custom_sensor_dag.py
[2024-11-19T08:17:53.890+0000] {logging_mixin.py:188} INFO - [2024-11-19T08:17:53.889+0000] {dag.py:3047} INFO - Sync 1 DAGs
[2024-11-19T08:17:53.903+0000] {logging_mixin.py:188} INFO - [2024-11-19T08:17:53.903+0000] {dag.py:3834} INFO - Setting next_dagrun for example_custom_sensor_dag to None, run_after=None
[2024-11-19T08:17:53.926+0000] {processor.py:183} INFO - Processing /opt/airflow/dags/example_custom_sensor_dag.py took 0.089 seconds
[2024-11-19T08:18:24.808+0000] {processor.py:161} INFO - Started process (PID=105179) to work on /opt/airflow/dags/example_custom_sensor_dag.py
[2024-11-19T08:18:24.809+0000] {processor.py:830} INFO - Processing file /opt/airflow/dags/example_custom_sensor_dag.py for tasks to queue
[2024-11-19T08:18:24.810+0000] {logging_mixin.py:188} INFO - [2024-11-19T08:18:24.810+0000] {dagbag.py:540} INFO - Filling up the DagBag from /opt/airflow/dags/example_custom_sensor_dag.py
[2024-11-19T08:18:24.836+0000] {processor.py:840} INFO - DAG(s) 'example_custom_sensor_dag' retrieved from /opt/airflow/dags/example_custom_sensor_dag.py
[2024-11-19T08:18:24.851+0000] {logging_mixin.py:188} INFO - [2024-11-19T08:18:24.850+0000] {dag.py:3047} INFO - Sync 1 DAGs
[2024-11-19T08:18:24.864+0000] {logging_mixin.py:188} INFO - [2024-11-19T08:18:24.864+0000] {dag.py:3834} INFO - Setting next_dagrun for example_custom_sensor_dag to None, run_after=None
[2024-11-19T08:18:24.885+0000] {processor.py:183} INFO - Processing /opt/airflow/dags/example_custom_sensor_dag.py took 0.081 seconds
[2024-11-19T08:18:55.578+0000] {processor.py:161} INFO - Started process (PID=105222) to work on /opt/airflow/dags/example_custom_sensor_dag.py
[2024-11-19T08:18:55.579+0000] {processor.py:830} INFO - Processing file /opt/airflow/dags/example_custom_sensor_dag.py for tasks to queue
[2024-11-19T08:18:55.580+0000] {logging_mixin.py:188} INFO - [2024-11-19T08:18:55.579+0000] {dagbag.py:540} INFO - Filling up the DagBag from /opt/airflow/dags/example_custom_sensor_dag.py
[2024-11-19T08:18:55.606+0000] {processor.py:840} INFO - DAG(s) 'example_custom_sensor_dag' retrieved from /opt/airflow/dags/example_custom_sensor_dag.py
[2024-11-19T08:18:55.620+0000] {logging_mixin.py:188} INFO - [2024-11-19T08:18:55.619+0000] {dag.py:3047} INFO - Sync 1 DAGs
[2024-11-19T08:18:55.632+0000] {logging_mixin.py:188} INFO - [2024-11-19T08:18:55.632+0000] {dag.py:3834} INFO - Setting next_dagrun for example_custom_sensor_dag to None, run_after=None
[2024-11-19T08:18:55.651+0000] {processor.py:183} INFO - Processing /opt/airflow/dags/example_custom_sensor_dag.py took 0.078 seconds
[2024-11-19T08:19:26.496+0000] {processor.py:161} INFO - Started process (PID=105265) to work on /opt/airflow/dags/example_custom_sensor_dag.py
[2024-11-19T08:19:26.497+0000] {processor.py:830} INFO - Processing file /opt/airflow/dags/example_custom_sensor_dag.py for tasks to queue
[2024-11-19T08:19:26.498+0000] {logging_mixin.py:188} INFO - [2024-11-19T08:19:26.498+0000] {dagbag.py:540} INFO - Filling up the DagBag from /opt/airflow/dags/example_custom_sensor_dag.py
[2024-11-19T08:19:26.537+0000] {processor.py:840} INFO - DAG(s) 'example_custom_sensor_dag' retrieved from /opt/airflow/dags/example_custom_sensor_dag.py
[2024-11-19T08:19:26.556+0000] {logging_mixin.py:188} INFO - [2024-11-19T08:19:26.556+0000] {dag.py:3047} INFO - Sync 1 DAGs
[2024-11-19T08:19:26.574+0000] {logging_mixin.py:188} INFO - [2024-11-19T08:19:26.574+0000] {dag.py:3834} INFO - Setting next_dagrun for example_custom_sensor_dag to None, run_after=None
[2024-11-19T08:19:26.597+0000] {processor.py:183} INFO - Processing /opt/airflow/dags/example_custom_sensor_dag.py took 0.105 seconds
[2024-11-19T08:19:57.405+0000] {processor.py:161} INFO - Started process (PID=105308) to work on /opt/airflow/dags/example_custom_sensor_dag.py
[2024-11-19T08:19:57.406+0000] {processor.py:830} INFO - Processing file /opt/airflow/dags/example_custom_sensor_dag.py for tasks to queue
[2024-11-19T08:19:57.407+0000] {logging_mixin.py:188} INFO - [2024-11-19T08:19:57.407+0000] {dagbag.py:540} INFO - Filling up the DagBag from /opt/airflow/dags/example_custom_sensor_dag.py
[2024-11-19T08:19:57.436+0000] {processor.py:840} INFO - DAG(s) 'example_custom_sensor_dag' retrieved from /opt/airflow/dags/example_custom_sensor_dag.py
[2024-11-19T08:19:57.451+0000] {logging_mixin.py:188} INFO - [2024-11-19T08:19:57.451+0000] {dag.py:3047} INFO - Sync 1 DAGs
[2024-11-19T08:19:57.465+0000] {logging_mixin.py:188} INFO - [2024-11-19T08:19:57.464+0000] {dag.py:3834} INFO - Setting next_dagrun for example_custom_sensor_dag to None, run_after=None
[2024-11-19T08:19:57.485+0000] {processor.py:183} INFO - Processing /opt/airflow/dags/example_custom_sensor_dag.py took 0.085 seconds
[2024-11-19T08:20:27.518+0000] {processor.py:161} INFO - Started process (PID=105351) to work on /opt/airflow/dags/example_custom_sensor_dag.py
[2024-11-19T08:20:27.519+0000] {processor.py:830} INFO - Processing file /opt/airflow/dags/example_custom_sensor_dag.py for tasks to queue
[2024-11-19T08:20:27.520+0000] {logging_mixin.py:188} INFO - [2024-11-19T08:20:27.519+0000] {dagbag.py:540} INFO - Filling up the DagBag from /opt/airflow/dags/example_custom_sensor_dag.py
[2024-11-19T08:20:27.545+0000] {processor.py:840} INFO - DAG(s) 'example_custom_sensor_dag' retrieved from /opt/airflow/dags/example_custom_sensor_dag.py
[2024-11-19T08:20:27.559+0000] {logging_mixin.py:188} INFO - [2024-11-19T08:20:27.559+0000] {dag.py:3047} INFO - Sync 1 DAGs
[2024-11-19T08:20:27.573+0000] {logging_mixin.py:188} INFO - [2024-11-19T08:20:27.573+0000] {dag.py:3834} INFO - Setting next_dagrun for example_custom_sensor_dag to None, run_after=None
[2024-11-19T08:20:27.593+0000] {processor.py:183} INFO - Processing /opt/airflow/dags/example_custom_sensor_dag.py took 0.079 seconds
[2024-11-19T08:20:57.755+0000] {processor.py:161} INFO - Started process (PID=105394) to work on /opt/airflow/dags/example_custom_sensor_dag.py
[2024-11-19T08:20:57.756+0000] {processor.py:830} INFO - Processing file /opt/airflow/dags/example_custom_sensor_dag.py for tasks to queue
[2024-11-19T08:20:57.757+0000] {logging_mixin.py:188} INFO - [2024-11-19T08:20:57.757+0000] {dagbag.py:540} INFO - Filling up the DagBag from /opt/airflow/dags/example_custom_sensor_dag.py
[2024-11-19T08:20:57.785+0000] {processor.py:840} INFO - DAG(s) 'example_custom_sensor_dag' retrieved from /opt/airflow/dags/example_custom_sensor_dag.py
[2024-11-19T08:20:57.799+0000] {logging_mixin.py:188} INFO - [2024-11-19T08:20:57.799+0000] {dag.py:3047} INFO - Sync 1 DAGs
[2024-11-19T08:20:57.812+0000] {logging_mixin.py:188} INFO - [2024-11-19T08:20:57.812+0000] {dag.py:3834} INFO - Setting next_dagrun for example_custom_sensor_dag to None, run_after=None
[2024-11-19T08:20:57.831+0000] {processor.py:183} INFO - Processing /opt/airflow/dags/example_custom_sensor_dag.py took 0.081 seconds
[2024-11-19T08:21:28.729+0000] {processor.py:161} INFO - Started process (PID=105437) to work on /opt/airflow/dags/example_custom_sensor_dag.py
[2024-11-19T08:21:28.730+0000] {processor.py:830} INFO - Processing file /opt/airflow/dags/example_custom_sensor_dag.py for tasks to queue
[2024-11-19T08:21:28.731+0000] {logging_mixin.py:188} INFO - [2024-11-19T08:21:28.730+0000] {dagbag.py:540} INFO - Filling up the DagBag from /opt/airflow/dags/example_custom_sensor_dag.py
[2024-11-19T08:21:28.756+0000] {processor.py:840} INFO - DAG(s) 'example_custom_sensor_dag' retrieved from /opt/airflow/dags/example_custom_sensor_dag.py
[2024-11-19T08:21:28.770+0000] {logging_mixin.py:188} INFO - [2024-11-19T08:21:28.770+0000] {dag.py:3047} INFO - Sync 1 DAGs
[2024-11-19T08:21:28.783+0000] {logging_mixin.py:188} INFO - [2024-11-19T08:21:28.783+0000] {dag.py:3834} INFO - Setting next_dagrun for example_custom_sensor_dag to None, run_after=None
[2024-11-19T08:21:28.801+0000] {processor.py:183} INFO - Processing /opt/airflow/dags/example_custom_sensor_dag.py took 0.077 seconds
[2024-11-19T08:21:58.988+0000] {processor.py:161} INFO - Started process (PID=105480) to work on /opt/airflow/dags/example_custom_sensor_dag.py
[2024-11-19T08:21:58.989+0000] {processor.py:830} INFO - Processing file /opt/airflow/dags/example_custom_sensor_dag.py for tasks to queue
[2024-11-19T08:21:58.990+0000] {logging_mixin.py:188} INFO - [2024-11-19T08:21:58.990+0000] {dagbag.py:540} INFO - Filling up the DagBag from /opt/airflow/dags/example_custom_sensor_dag.py
[2024-11-19T08:21:59.016+0000] {processor.py:840} INFO - DAG(s) 'example_custom_sensor_dag' retrieved from /opt/airflow/dags/example_custom_sensor_dag.py
[2024-11-19T08:21:59.030+0000] {logging_mixin.py:188} INFO - [2024-11-19T08:21:59.030+0000] {dag.py:3047} INFO - Sync 1 DAGs
[2024-11-19T08:21:59.043+0000] {logging_mixin.py:188} INFO - [2024-11-19T08:21:59.043+0000] {dag.py:3834} INFO - Setting next_dagrun for example_custom_sensor_dag to None, run_after=None
[2024-11-19T08:21:59.062+0000] {processor.py:183} INFO - Processing /opt/airflow/dags/example_custom_sensor_dag.py took 0.077 seconds
[2024-11-19T08:22:29.848+0000] {processor.py:161} INFO - Started process (PID=105523) to work on /opt/airflow/dags/example_custom_sensor_dag.py
[2024-11-19T08:22:29.849+0000] {processor.py:830} INFO - Processing file /opt/airflow/dags/example_custom_sensor_dag.py for tasks to queue
[2024-11-19T08:22:29.850+0000] {logging_mixin.py:188} INFO - [2024-11-19T08:22:29.850+0000] {dagbag.py:540} INFO - Filling up the DagBag from /opt/airflow/dags/example_custom_sensor_dag.py
[2024-11-19T08:22:29.876+0000] {processor.py:840} INFO - DAG(s) 'example_custom_sensor_dag' retrieved from /opt/airflow/dags/example_custom_sensor_dag.py
[2024-11-19T08:22:29.890+0000] {logging_mixin.py:188} INFO - [2024-11-19T08:22:29.890+0000] {dag.py:3047} INFO - Sync 1 DAGs
[2024-11-19T08:22:29.903+0000] {logging_mixin.py:188} INFO - [2024-11-19T08:22:29.903+0000] {dag.py:3834} INFO - Setting next_dagrun for example_custom_sensor_dag to None, run_after=None
[2024-11-19T08:22:29.921+0000] {processor.py:183} INFO - Processing /opt/airflow/dags/example_custom_sensor_dag.py took 0.077 seconds
[2024-11-19T08:23:00.773+0000] {processor.py:161} INFO - Started process (PID=105566) to work on /opt/airflow/dags/example_custom_sensor_dag.py
[2024-11-19T08:23:00.774+0000] {processor.py:830} INFO - Processing file /opt/airflow/dags/example_custom_sensor_dag.py for tasks to queue
[2024-11-19T08:23:00.775+0000] {logging_mixin.py:188} INFO - [2024-11-19T08:23:00.775+0000] {dagbag.py:540} INFO - Filling up the DagBag from /opt/airflow/dags/example_custom_sensor_dag.py
[2024-11-19T08:23:00.799+0000] {processor.py:840} INFO - DAG(s) 'example_custom_sensor_dag' retrieved from /opt/airflow/dags/example_custom_sensor_dag.py
[2024-11-19T08:23:00.813+0000] {logging_mixin.py:188} INFO - [2024-11-19T08:23:00.812+0000] {dag.py:3047} INFO - Sync 1 DAGs
[2024-11-19T08:23:00.825+0000] {logging_mixin.py:188} INFO - [2024-11-19T08:23:00.825+0000] {dag.py:3834} INFO - Setting next_dagrun for example_custom_sensor_dag to None, run_after=None
[2024-11-19T08:23:00.843+0000] {processor.py:183} INFO - Processing /opt/airflow/dags/example_custom_sensor_dag.py took 0.074 seconds
[2024-11-19T08:23:31.573+0000] {processor.py:161} INFO - Started process (PID=105609) to work on /opt/airflow/dags/example_custom_sensor_dag.py
[2024-11-19T08:23:31.574+0000] {processor.py:830} INFO - Processing file /opt/airflow/dags/example_custom_sensor_dag.py for tasks to queue
[2024-11-19T08:23:31.575+0000] {logging_mixin.py:188} INFO - [2024-11-19T08:23:31.574+0000] {dagbag.py:540} INFO - Filling up the DagBag from /opt/airflow/dags/example_custom_sensor_dag.py
[2024-11-19T08:23:31.600+0000] {processor.py:840} INFO - DAG(s) 'example_custom_sensor_dag' retrieved from /opt/airflow/dags/example_custom_sensor_dag.py
[2024-11-19T08:23:31.614+0000] {logging_mixin.py:188} INFO - [2024-11-19T08:23:31.614+0000] {dag.py:3047} INFO - Sync 1 DAGs
[2024-11-19T08:23:31.628+0000] {logging_mixin.py:188} INFO - [2024-11-19T08:23:31.627+0000] {dag.py:3834} INFO - Setting next_dagrun for example_custom_sensor_dag to None, run_after=None
[2024-11-19T08:23:31.646+0000] {processor.py:183} INFO - Processing /opt/airflow/dags/example_custom_sensor_dag.py took 0.077 seconds
[2024-11-19T08:24:02.512+0000] {processor.py:161} INFO - Started process (PID=105652) to work on /opt/airflow/dags/example_custom_sensor_dag.py
[2024-11-19T08:24:02.514+0000] {processor.py:830} INFO - Processing file /opt/airflow/dags/example_custom_sensor_dag.py for tasks to queue
[2024-11-19T08:24:02.515+0000] {logging_mixin.py:188} INFO - [2024-11-19T08:24:02.514+0000] {dagbag.py:540} INFO - Filling up the DagBag from /opt/airflow/dags/example_custom_sensor_dag.py
[2024-11-19T08:24:02.539+0000] {processor.py:840} INFO - DAG(s) 'example_custom_sensor_dag' retrieved from /opt/airflow/dags/example_custom_sensor_dag.py
[2024-11-19T08:24:02.553+0000] {logging_mixin.py:188} INFO - [2024-11-19T08:24:02.553+0000] {dag.py:3047} INFO - Sync 1 DAGs
[2024-11-19T08:24:02.569+0000] {logging_mixin.py:188} INFO - [2024-11-19T08:24:02.568+0000] {dag.py:3834} INFO - Setting next_dagrun for example_custom_sensor_dag to None, run_after=None
[2024-11-19T08:24:02.589+0000] {processor.py:183} INFO - Processing /opt/airflow/dags/example_custom_sensor_dag.py took 0.081 seconds
[2024-11-19T08:24:32.737+0000] {processor.py:161} INFO - Started process (PID=105695) to work on /opt/airflow/dags/example_custom_sensor_dag.py
[2024-11-19T08:24:32.738+0000] {processor.py:830} INFO - Processing file /opt/airflow/dags/example_custom_sensor_dag.py for tasks to queue
[2024-11-19T08:24:32.739+0000] {logging_mixin.py:188} INFO - [2024-11-19T08:24:32.739+0000] {dagbag.py:540} INFO - Filling up the DagBag from /opt/airflow/dags/example_custom_sensor_dag.py
[2024-11-19T08:24:32.765+0000] {processor.py:840} INFO - DAG(s) 'example_custom_sensor_dag' retrieved from /opt/airflow/dags/example_custom_sensor_dag.py
[2024-11-19T08:24:32.779+0000] {logging_mixin.py:188} INFO - [2024-11-19T08:24:32.778+0000] {dag.py:3047} INFO - Sync 1 DAGs
[2024-11-19T08:24:32.792+0000] {logging_mixin.py:188} INFO - [2024-11-19T08:24:32.791+0000] {dag.py:3834} INFO - Setting next_dagrun for example_custom_sensor_dag to None, run_after=None
[2024-11-19T08:24:32.811+0000] {processor.py:183} INFO - Processing /opt/airflow/dags/example_custom_sensor_dag.py took 0.079 seconds
[2024-11-19T08:25:02.962+0000] {processor.py:161} INFO - Started process (PID=105738) to work on /opt/airflow/dags/example_custom_sensor_dag.py
[2024-11-19T08:25:02.964+0000] {processor.py:830} INFO - Processing file /opt/airflow/dags/example_custom_sensor_dag.py for tasks to queue
[2024-11-19T08:25:02.965+0000] {logging_mixin.py:188} INFO - [2024-11-19T08:25:02.964+0000] {dagbag.py:540} INFO - Filling up the DagBag from /opt/airflow/dags/example_custom_sensor_dag.py
[2024-11-19T08:25:02.992+0000] {processor.py:840} INFO - DAG(s) 'example_custom_sensor_dag' retrieved from /opt/airflow/dags/example_custom_sensor_dag.py
[2024-11-19T08:25:03.006+0000] {logging_mixin.py:188} INFO - [2024-11-19T08:25:03.006+0000] {dag.py:3047} INFO - Sync 1 DAGs
[2024-11-19T08:25:03.020+0000] {logging_mixin.py:188} INFO - [2024-11-19T08:25:03.019+0000] {dag.py:3834} INFO - Setting next_dagrun for example_custom_sensor_dag to None, run_after=None
[2024-11-19T08:25:03.038+0000] {processor.py:183} INFO - Processing /opt/airflow/dags/example_custom_sensor_dag.py took 0.080 seconds
[2024-11-19T08:25:33.821+0000] {processor.py:161} INFO - Started process (PID=105781) to work on /opt/airflow/dags/example_custom_sensor_dag.py
[2024-11-19T08:25:33.822+0000] {processor.py:830} INFO - Processing file /opt/airflow/dags/example_custom_sensor_dag.py for tasks to queue
[2024-11-19T08:25:33.823+0000] {logging_mixin.py:188} INFO - [2024-11-19T08:25:33.823+0000] {dagbag.py:540} INFO - Filling up the DagBag from /opt/airflow/dags/example_custom_sensor_dag.py
[2024-11-19T08:25:33.849+0000] {processor.py:840} INFO - DAG(s) 'example_custom_sensor_dag' retrieved from /opt/airflow/dags/example_custom_sensor_dag.py
[2024-11-19T08:25:33.864+0000] {logging_mixin.py:188} INFO - [2024-11-19T08:25:33.864+0000] {dag.py:3047} INFO - Sync 1 DAGs
[2024-11-19T08:25:33.877+0000] {logging_mixin.py:188} INFO - [2024-11-19T08:25:33.876+0000] {dag.py:3834} INFO - Setting next_dagrun for example_custom_sensor_dag to None, run_after=None
[2024-11-19T08:25:33.895+0000] {processor.py:183} INFO - Processing /opt/airflow/dags/example_custom_sensor_dag.py took 0.078 seconds
[2024-11-19T08:26:04.731+0000] {processor.py:161} INFO - Started process (PID=105824) to work on /opt/airflow/dags/example_custom_sensor_dag.py
[2024-11-19T08:26:04.732+0000] {processor.py:830} INFO - Processing file /opt/airflow/dags/example_custom_sensor_dag.py for tasks to queue
[2024-11-19T08:26:04.733+0000] {logging_mixin.py:188} INFO - [2024-11-19T08:26:04.733+0000] {dagbag.py:540} INFO - Filling up the DagBag from /opt/airflow/dags/example_custom_sensor_dag.py
[2024-11-19T08:26:04.757+0000] {processor.py:840} INFO - DAG(s) 'example_custom_sensor_dag' retrieved from /opt/airflow/dags/example_custom_sensor_dag.py
[2024-11-19T08:26:04.771+0000] {logging_mixin.py:188} INFO - [2024-11-19T08:26:04.770+0000] {dag.py:3047} INFO - Sync 1 DAGs
[2024-11-19T08:26:04.783+0000] {logging_mixin.py:188} INFO - [2024-11-19T08:26:04.783+0000] {dag.py:3834} INFO - Setting next_dagrun for example_custom_sensor_dag to None, run_after=None
[2024-11-19T08:26:04.801+0000] {processor.py:183} INFO - Processing /opt/airflow/dags/example_custom_sensor_dag.py took 0.074 seconds
[2024-11-19T08:26:35.569+0000] {processor.py:161} INFO - Started process (PID=105867) to work on /opt/airflow/dags/example_custom_sensor_dag.py
[2024-11-19T08:26:35.569+0000] {processor.py:830} INFO - Processing file /opt/airflow/dags/example_custom_sensor_dag.py for tasks to queue
[2024-11-19T08:26:35.570+0000] {logging_mixin.py:188} INFO - [2024-11-19T08:26:35.570+0000] {dagbag.py:540} INFO - Filling up the DagBag from /opt/airflow/dags/example_custom_sensor_dag.py
[2024-11-19T08:26:35.595+0000] {processor.py:840} INFO - DAG(s) 'example_custom_sensor_dag' retrieved from /opt/airflow/dags/example_custom_sensor_dag.py
[2024-11-19T08:26:35.610+0000] {logging_mixin.py:188} INFO - [2024-11-19T08:26:35.609+0000] {dag.py:3047} INFO - Sync 1 DAGs
[2024-11-19T08:26:35.624+0000] {logging_mixin.py:188} INFO - [2024-11-19T08:26:35.623+0000] {dag.py:3834} INFO - Setting next_dagrun for example_custom_sensor_dag to None, run_after=None
[2024-11-19T08:26:35.644+0000] {processor.py:183} INFO - Processing /opt/airflow/dags/example_custom_sensor_dag.py took 0.080 seconds
