[2024-11-19T07:47:46.022+0000] {processor.py:161} INFO - Started process (PID=102641) to work on /opt/airflow/dags/file_read_dags_2.py
[2024-11-19T07:47:46.023+0000] {processor.py:830} INFO - Processing file /opt/airflow/dags/file_read_dags_2.py for tasks to queue
[2024-11-19T07:47:46.025+0000] {logging_mixin.py:188} INFO - [2024-11-19T07:47:46.024+0000] {dagbag.py:540} INFO - Filling up the DagBag from /opt/airflow/dags/file_read_dags_2.py
[2024-11-19T07:47:46.032+0000] {logging_mixin.py:188} INFO - [2024-11-19T07:47:46.031+0000] {dagbag.py:350} ERROR - Failed to import: /opt/airflow/dags/file_read_dags_2.py
Traceback (most recent call last):
  File "/home/airflow/.local/lib/python3.8/site-packages/airflow/models/dagbag.py", line 346, in parse
    loader.exec_module(new_module)
  File "<frozen importlib._bootstrap_external>", line 843, in exec_module
  File "<frozen importlib._bootstrap>", line 219, in _call_with_frames_removed
  File "/opt/airflow/dags/file_read_dags_2.py", line 4, in <module>
    from file_read_operator import FileReadOperator
  File "/opt/airflow/plugins/file_read_operator.py", line 34, in <module>
    class FileReadPlugin(AirflowPlugin):
NameError: name 'AirflowPlugin' is not defined
[2024-11-19T07:47:46.032+0000] {processor.py:842} WARNING - No viable dags retrieved from /opt/airflow/dags/file_read_dags_2.py
[2024-11-19T07:47:46.055+0000] {processor.py:183} INFO - Processing /opt/airflow/dags/file_read_dags_2.py took 0.038 seconds
[2024-11-19T07:48:16.685+0000] {processor.py:161} INFO - Started process (PID=102683) to work on /opt/airflow/dags/file_read_dags_2.py
[2024-11-19T07:48:16.687+0000] {processor.py:830} INFO - Processing file /opt/airflow/dags/file_read_dags_2.py for tasks to queue
[2024-11-19T07:48:16.688+0000] {logging_mixin.py:188} INFO - [2024-11-19T07:48:16.687+0000] {dagbag.py:540} INFO - Filling up the DagBag from /opt/airflow/dags/file_read_dags_2.py
[2024-11-19T07:48:16.694+0000] {logging_mixin.py:188} INFO - [2024-11-19T07:48:16.693+0000] {dagbag.py:350} ERROR - Failed to import: /opt/airflow/dags/file_read_dags_2.py
Traceback (most recent call last):
  File "/home/airflow/.local/lib/python3.8/site-packages/airflow/models/dagbag.py", line 346, in parse
    loader.exec_module(new_module)
  File "<frozen importlib._bootstrap_external>", line 843, in exec_module
  File "<frozen importlib._bootstrap>", line 219, in _call_with_frames_removed
  File "/opt/airflow/dags/file_read_dags_2.py", line 4, in <module>
    from file_read_operator import FileReadOperator
  File "/opt/airflow/plugins/file_read_operator.py", line 34, in <module>
    class FileReadPlugin(AirflowPlugin):
NameError: name 'AirflowPlugin' is not defined
[2024-11-19T07:48:16.694+0000] {processor.py:842} WARNING - No viable dags retrieved from /opt/airflow/dags/file_read_dags_2.py
[2024-11-19T07:48:16.721+0000] {processor.py:183} INFO - Processing /opt/airflow/dags/file_read_dags_2.py took 0.041 seconds
[2024-11-19T07:48:45.128+0000] {processor.py:161} INFO - Started process (PID=102724) to work on /opt/airflow/dags/file_read_dags_2.py
[2024-11-19T07:48:45.129+0000] {processor.py:830} INFO - Processing file /opt/airflow/dags/file_read_dags_2.py for tasks to queue
[2024-11-19T07:48:45.130+0000] {logging_mixin.py:188} INFO - [2024-11-19T07:48:45.130+0000] {dagbag.py:540} INFO - Filling up the DagBag from /opt/airflow/dags/file_read_dags_2.py
[2024-11-19T07:48:45.136+0000] {logging_mixin.py:188} INFO - [2024-11-19T07:48:45.135+0000] {dagbag.py:350} ERROR - Failed to import: /opt/airflow/dags/file_read_dags_2.py
Traceback (most recent call last):
  File "/home/airflow/.local/lib/python3.8/site-packages/airflow/models/dagbag.py", line 346, in parse
    loader.exec_module(new_module)
  File "<frozen importlib._bootstrap_external>", line 843, in exec_module
  File "<frozen importlib._bootstrap>", line 219, in _call_with_frames_removed
  File "/opt/airflow/dags/file_read_dags_2.py", line 4, in <module>
    from file_read_operator import FileReadOperator
  File "/opt/airflow/plugins/file_read_operator.py", line 34, in <module>
    class FileReadPlugin(AirflowPlugin):
NameError: name 'AirflowPlugin' is not defined
[2024-11-19T07:48:45.136+0000] {processor.py:842} WARNING - No viable dags retrieved from /opt/airflow/dags/file_read_dags_2.py
[2024-11-19T07:48:45.160+0000] {processor.py:183} INFO - Processing /opt/airflow/dags/file_read_dags_2.py took 0.036 seconds
[2024-11-19T07:49:15.843+0000] {processor.py:161} INFO - Started process (PID=102766) to work on /opt/airflow/dags/file_read_dags_2.py
[2024-11-19T07:49:15.845+0000] {processor.py:830} INFO - Processing file /opt/airflow/dags/file_read_dags_2.py for tasks to queue
[2024-11-19T07:49:15.846+0000] {logging_mixin.py:188} INFO - [2024-11-19T07:49:15.845+0000] {dagbag.py:540} INFO - Filling up the DagBag from /opt/airflow/dags/file_read_dags_2.py
[2024-11-19T07:49:15.852+0000] {logging_mixin.py:188} INFO - [2024-11-19T07:49:15.850+0000] {dagbag.py:350} ERROR - Failed to import: /opt/airflow/dags/file_read_dags_2.py
Traceback (most recent call last):
  File "/home/airflow/.local/lib/python3.8/site-packages/airflow/models/dagbag.py", line 346, in parse
    loader.exec_module(new_module)
  File "<frozen importlib._bootstrap_external>", line 843, in exec_module
  File "<frozen importlib._bootstrap>", line 219, in _call_with_frames_removed
  File "/opt/airflow/dags/file_read_dags_2.py", line 4, in <module>
    from file_read_operator import FileReadOperator
  File "/opt/airflow/plugins/file_read_operator.py", line 34, in <module>
    class FileReadPlugin(AirflowPlugin):
NameError: name 'AirflowPlugin' is not defined
[2024-11-19T07:49:15.852+0000] {processor.py:842} WARNING - No viable dags retrieved from /opt/airflow/dags/file_read_dags_2.py
[2024-11-19T07:49:15.875+0000] {processor.py:183} INFO - Processing /opt/airflow/dags/file_read_dags_2.py took 0.037 seconds
[2024-11-19T07:49:46.511+0000] {processor.py:161} INFO - Started process (PID=102808) to work on /opt/airflow/dags/file_read_dags_2.py
[2024-11-19T07:49:46.513+0000] {processor.py:830} INFO - Processing file /opt/airflow/dags/file_read_dags_2.py for tasks to queue
[2024-11-19T07:49:46.514+0000] {logging_mixin.py:188} INFO - [2024-11-19T07:49:46.513+0000] {dagbag.py:540} INFO - Filling up the DagBag from /opt/airflow/dags/file_read_dags_2.py
[2024-11-19T07:49:46.520+0000] {logging_mixin.py:188} INFO - [2024-11-19T07:49:46.519+0000] {dagbag.py:350} ERROR - Failed to import: /opt/airflow/dags/file_read_dags_2.py
Traceback (most recent call last):
  File "/home/airflow/.local/lib/python3.8/site-packages/airflow/models/dagbag.py", line 346, in parse
    loader.exec_module(new_module)
  File "<frozen importlib._bootstrap_external>", line 843, in exec_module
  File "<frozen importlib._bootstrap>", line 219, in _call_with_frames_removed
  File "/opt/airflow/dags/file_read_dags_2.py", line 4, in <module>
    from file_read_operator import FileReadOperator
  File "/opt/airflow/plugins/file_read_operator.py", line 34, in <module>
    class FileReadPlugin(AirflowPlugin):
NameError: name 'AirflowPlugin' is not defined
[2024-11-19T07:49:46.520+0000] {processor.py:842} WARNING - No viable dags retrieved from /opt/airflow/dags/file_read_dags_2.py
[2024-11-19T07:49:46.544+0000] {processor.py:183} INFO - Processing /opt/airflow/dags/file_read_dags_2.py took 0.038 seconds
[2024-11-19T07:50:16.999+0000] {processor.py:161} INFO - Started process (PID=102850) to work on /opt/airflow/dags/file_read_dags_2.py
[2024-11-19T07:50:17.001+0000] {processor.py:830} INFO - Processing file /opt/airflow/dags/file_read_dags_2.py for tasks to queue
[2024-11-19T07:50:17.002+0000] {logging_mixin.py:188} INFO - [2024-11-19T07:50:17.001+0000] {dagbag.py:540} INFO - Filling up the DagBag from /opt/airflow/dags/file_read_dags_2.py
[2024-11-19T07:50:17.007+0000] {logging_mixin.py:188} INFO - [2024-11-19T07:50:17.006+0000] {dagbag.py:350} ERROR - Failed to import: /opt/airflow/dags/file_read_dags_2.py
Traceback (most recent call last):
  File "/home/airflow/.local/lib/python3.8/site-packages/airflow/models/dagbag.py", line 346, in parse
    loader.exec_module(new_module)
  File "<frozen importlib._bootstrap_external>", line 843, in exec_module
  File "<frozen importlib._bootstrap>", line 219, in _call_with_frames_removed
  File "/opt/airflow/dags/file_read_dags_2.py", line 4, in <module>
    from file_read_operator import FileReadOperator
  File "/opt/airflow/plugins/file_read_operator.py", line 34, in <module>
    class FileReadPlugin(AirflowPlugin):
NameError: name 'AirflowPlugin' is not defined
[2024-11-19T07:50:17.007+0000] {processor.py:842} WARNING - No viable dags retrieved from /opt/airflow/dags/file_read_dags_2.py
[2024-11-19T07:50:17.029+0000] {processor.py:183} INFO - Processing /opt/airflow/dags/file_read_dags_2.py took 0.034 seconds
[2024-11-19T07:50:47.765+0000] {processor.py:161} INFO - Started process (PID=102892) to work on /opt/airflow/dags/file_read_dags_2.py
[2024-11-19T07:50:47.767+0000] {processor.py:830} INFO - Processing file /opt/airflow/dags/file_read_dags_2.py for tasks to queue
[2024-11-19T07:50:47.768+0000] {logging_mixin.py:188} INFO - [2024-11-19T07:50:47.768+0000] {dagbag.py:540} INFO - Filling up the DagBag from /opt/airflow/dags/file_read_dags_2.py
[2024-11-19T07:50:47.775+0000] {logging_mixin.py:188} INFO - [2024-11-19T07:50:47.774+0000] {dagbag.py:350} ERROR - Failed to import: /opt/airflow/dags/file_read_dags_2.py
Traceback (most recent call last):
  File "/home/airflow/.local/lib/python3.8/site-packages/airflow/models/dagbag.py", line 346, in parse
    loader.exec_module(new_module)
  File "<frozen importlib._bootstrap_external>", line 843, in exec_module
  File "<frozen importlib._bootstrap>", line 219, in _call_with_frames_removed
  File "/opt/airflow/dags/file_read_dags_2.py", line 4, in <module>
    from file_read_operator import FileReadOperator
  File "/opt/airflow/plugins/file_read_operator.py", line 34, in <module>
    class FileReadPlugin(AirflowPlugin):
NameError: name 'AirflowPlugin' is not defined
[2024-11-19T07:50:47.776+0000] {processor.py:842} WARNING - No viable dags retrieved from /opt/airflow/dags/file_read_dags_2.py
[2024-11-19T07:50:47.803+0000] {processor.py:183} INFO - Processing /opt/airflow/dags/file_read_dags_2.py took 0.043 seconds
[2024-11-19T07:51:18.160+0000] {processor.py:161} INFO - Started process (PID=102934) to work on /opt/airflow/dags/file_read_dags_2.py
[2024-11-19T07:51:18.162+0000] {processor.py:830} INFO - Processing file /opt/airflow/dags/file_read_dags_2.py for tasks to queue
[2024-11-19T07:51:18.163+0000] {logging_mixin.py:188} INFO - [2024-11-19T07:51:18.162+0000] {dagbag.py:540} INFO - Filling up the DagBag from /opt/airflow/dags/file_read_dags_2.py
[2024-11-19T07:51:18.168+0000] {logging_mixin.py:188} INFO - [2024-11-19T07:51:18.167+0000] {dagbag.py:350} ERROR - Failed to import: /opt/airflow/dags/file_read_dags_2.py
Traceback (most recent call last):
  File "/home/airflow/.local/lib/python3.8/site-packages/airflow/models/dagbag.py", line 346, in parse
    loader.exec_module(new_module)
  File "<frozen importlib._bootstrap_external>", line 843, in exec_module
  File "<frozen importlib._bootstrap>", line 219, in _call_with_frames_removed
  File "/opt/airflow/dags/file_read_dags_2.py", line 4, in <module>
    from file_read_operator import FileReadOperator
  File "/opt/airflow/plugins/file_read_operator.py", line 6, in <module>
    from airflow.plugins import AirflowPlugin
ModuleNotFoundError: No module named 'airflow.plugins'
[2024-11-19T07:51:18.169+0000] {processor.py:842} WARNING - No viable dags retrieved from /opt/airflow/dags/file_read_dags_2.py
[2024-11-19T07:51:18.192+0000] {processor.py:183} INFO - Processing /opt/airflow/dags/file_read_dags_2.py took 0.036 seconds
[2024-11-19T07:51:48.595+0000] {processor.py:161} INFO - Started process (PID=102976) to work on /opt/airflow/dags/file_read_dags_2.py
[2024-11-19T07:51:48.596+0000] {processor.py:830} INFO - Processing file /opt/airflow/dags/file_read_dags_2.py for tasks to queue
[2024-11-19T07:51:48.597+0000] {logging_mixin.py:188} INFO - [2024-11-19T07:51:48.597+0000] {dagbag.py:540} INFO - Filling up the DagBag from /opt/airflow/dags/file_read_dags_2.py
[2024-11-19T07:51:48.611+0000] {processor.py:840} INFO - DAG(s) 'file_read_dag_2' retrieved from /opt/airflow/dags/file_read_dags_2.py
[2024-11-19T07:51:48.724+0000] {logging_mixin.py:188} INFO - [2024-11-19T07:51:48.723+0000] {override.py:1769} INFO - Created Permission View: can edit on DAG:file_read_dag_2
[2024-11-19T07:51:48.734+0000] {logging_mixin.py:188} INFO - [2024-11-19T07:51:48.734+0000] {override.py:1769} INFO - Created Permission View: can read on DAG:file_read_dag_2
[2024-11-19T07:51:48.742+0000] {logging_mixin.py:188} INFO - [2024-11-19T07:51:48.742+0000] {override.py:1769} INFO - Created Permission View: can delete on DAG:file_read_dag_2
[2024-11-19T07:51:48.743+0000] {logging_mixin.py:188} INFO - [2024-11-19T07:51:48.742+0000] {dag.py:3047} INFO - Sync 1 DAGs
[2024-11-19T07:51:48.754+0000] {logging_mixin.py:188} INFO - [2024-11-19T07:51:48.754+0000] {dag.py:3069} INFO - Creating ORM DAG for file_read_dag_2
[2024-11-19T07:51:48.765+0000] {logging_mixin.py:188} INFO - [2024-11-19T07:51:48.765+0000] {dag.py:3834} INFO - Setting next_dagrun for file_read_dag_2 to 2024-11-18 00:00:00+00:00, run_after=2024-11-19 00:00:00+00:00
[2024-11-19T07:51:48.781+0000] {processor.py:183} INFO - Processing /opt/airflow/dags/file_read_dags_2.py took 0.190 seconds
[2024-11-19T07:52:18.826+0000] {processor.py:161} INFO - Started process (PID=103022) to work on /opt/airflow/dags/file_read_dags_2.py
[2024-11-19T07:52:18.828+0000] {processor.py:830} INFO - Processing file /opt/airflow/dags/file_read_dags_2.py for tasks to queue
[2024-11-19T07:52:18.829+0000] {logging_mixin.py:188} INFO - [2024-11-19T07:52:18.828+0000] {dagbag.py:540} INFO - Filling up the DagBag from /opt/airflow/dags/file_read_dags_2.py
[2024-11-19T07:52:18.841+0000] {processor.py:840} INFO - DAG(s) 'file_read_dag_2' retrieved from /opt/airflow/dags/file_read_dags_2.py
[2024-11-19T07:52:18.867+0000] {logging_mixin.py:188} INFO - [2024-11-19T07:52:18.866+0000] {dag.py:3047} INFO - Sync 1 DAGs
[2024-11-19T07:52:18.893+0000] {logging_mixin.py:188} INFO - [2024-11-19T07:52:18.892+0000] {dag.py:3834} INFO - Setting next_dagrun for file_read_dag_2 to 2024-11-19 00:00:00+00:00, run_after=2024-11-20 00:00:00+00:00
[2024-11-19T07:52:18.912+0000] {processor.py:183} INFO - Processing /opt/airflow/dags/file_read_dags_2.py took 0.090 seconds
[2024-11-19T07:52:49.225+0000] {processor.py:161} INFO - Started process (PID=103064) to work on /opt/airflow/dags/file_read_dags_2.py
[2024-11-19T07:52:49.226+0000] {processor.py:830} INFO - Processing file /opt/airflow/dags/file_read_dags_2.py for tasks to queue
[2024-11-19T07:52:49.227+0000] {logging_mixin.py:188} INFO - [2024-11-19T07:52:49.227+0000] {dagbag.py:540} INFO - Filling up the DagBag from /opt/airflow/dags/file_read_dags_2.py
[2024-11-19T07:52:49.239+0000] {processor.py:840} INFO - DAG(s) 'file_read_dag_2' retrieved from /opt/airflow/dags/file_read_dags_2.py
[2024-11-19T07:52:49.267+0000] {logging_mixin.py:188} INFO - [2024-11-19T07:52:49.267+0000] {dag.py:3047} INFO - Sync 1 DAGs
[2024-11-19T07:52:49.291+0000] {logging_mixin.py:188} INFO - [2024-11-19T07:52:49.291+0000] {dag.py:3834} INFO - Setting next_dagrun for file_read_dag_2 to 2024-11-19 00:00:00+00:00, run_after=2024-11-20 00:00:00+00:00
[2024-11-19T07:52:49.310+0000] {processor.py:183} INFO - Processing /opt/airflow/dags/file_read_dags_2.py took 0.090 seconds
[2024-11-19T07:53:19.525+0000] {processor.py:161} INFO - Started process (PID=103107) to work on /opt/airflow/dags/file_read_dags_2.py
[2024-11-19T07:53:19.526+0000] {processor.py:830} INFO - Processing file /opt/airflow/dags/file_read_dags_2.py for tasks to queue
[2024-11-19T07:53:19.528+0000] {logging_mixin.py:188} INFO - [2024-11-19T07:53:19.527+0000] {dagbag.py:540} INFO - Filling up the DagBag from /opt/airflow/dags/file_read_dags_2.py
[2024-11-19T07:53:19.543+0000] {processor.py:840} INFO - DAG(s) 'file_read_dag_2' retrieved from /opt/airflow/dags/file_read_dags_2.py
[2024-11-19T07:53:19.570+0000] {logging_mixin.py:188} INFO - [2024-11-19T07:53:19.569+0000] {dag.py:3047} INFO - Sync 1 DAGs
[2024-11-19T07:53:19.595+0000] {logging_mixin.py:188} INFO - [2024-11-19T07:53:19.595+0000] {dag.py:3834} INFO - Setting next_dagrun for file_read_dag_2 to 2024-11-19 00:00:00+00:00, run_after=2024-11-20 00:00:00+00:00
[2024-11-19T07:53:19.616+0000] {processor.py:183} INFO - Processing /opt/airflow/dags/file_read_dags_2.py took 0.095 seconds
[2024-11-19T07:53:49.918+0000] {processor.py:161} INFO - Started process (PID=103149) to work on /opt/airflow/dags/file_read_dags_2.py
[2024-11-19T07:53:49.919+0000] {processor.py:830} INFO - Processing file /opt/airflow/dags/file_read_dags_2.py for tasks to queue
[2024-11-19T07:53:49.920+0000] {logging_mixin.py:188} INFO - [2024-11-19T07:53:49.920+0000] {dagbag.py:540} INFO - Filling up the DagBag from /opt/airflow/dags/file_read_dags_2.py
[2024-11-19T07:53:49.932+0000] {processor.py:840} INFO - DAG(s) 'file_read_dag_2' retrieved from /opt/airflow/dags/file_read_dags_2.py
[2024-11-19T07:53:49.959+0000] {logging_mixin.py:188} INFO - [2024-11-19T07:53:49.959+0000] {dag.py:3047} INFO - Sync 1 DAGs
[2024-11-19T07:53:49.983+0000] {logging_mixin.py:188} INFO - [2024-11-19T07:53:49.983+0000] {dag.py:3834} INFO - Setting next_dagrun for file_read_dag_2 to 2024-11-19 00:00:00+00:00, run_after=2024-11-20 00:00:00+00:00
[2024-11-19T07:53:50.003+0000] {processor.py:183} INFO - Processing /opt/airflow/dags/file_read_dags_2.py took 0.090 seconds
[2024-11-19T07:54:20.404+0000] {processor.py:161} INFO - Started process (PID=103191) to work on /opt/airflow/dags/file_read_dags_2.py
[2024-11-19T07:54:20.406+0000] {processor.py:830} INFO - Processing file /opt/airflow/dags/file_read_dags_2.py for tasks to queue
[2024-11-19T07:54:20.408+0000] {logging_mixin.py:188} INFO - [2024-11-19T07:54:20.406+0000] {dagbag.py:540} INFO - Filling up the DagBag from /opt/airflow/dags/file_read_dags_2.py
[2024-11-19T07:54:20.427+0000] {processor.py:840} INFO - DAG(s) 'file_read_dag_2' retrieved from /opt/airflow/dags/file_read_dags_2.py
[2024-11-19T07:54:20.454+0000] {logging_mixin.py:188} INFO - [2024-11-19T07:54:20.454+0000] {dag.py:3047} INFO - Sync 1 DAGs
[2024-11-19T07:54:20.478+0000] {logging_mixin.py:188} INFO - [2024-11-19T07:54:20.478+0000] {dag.py:3834} INFO - Setting next_dagrun for file_read_dag_2 to 2024-11-19 00:00:00+00:00, run_after=2024-11-20 00:00:00+00:00
[2024-11-19T07:54:20.497+0000] {processor.py:183} INFO - Processing /opt/airflow/dags/file_read_dags_2.py took 0.100 seconds
[2024-11-19T07:54:50.824+0000] {processor.py:161} INFO - Started process (PID=103233) to work on /opt/airflow/dags/file_read_dags_2.py
[2024-11-19T07:54:50.826+0000] {processor.py:830} INFO - Processing file /opt/airflow/dags/file_read_dags_2.py for tasks to queue
[2024-11-19T07:54:50.827+0000] {logging_mixin.py:188} INFO - [2024-11-19T07:54:50.826+0000] {dagbag.py:540} INFO - Filling up the DagBag from /opt/airflow/dags/file_read_dags_2.py
[2024-11-19T07:54:50.839+0000] {processor.py:840} INFO - DAG(s) 'file_read_dag_2' retrieved from /opt/airflow/dags/file_read_dags_2.py
[2024-11-19T07:54:50.866+0000] {logging_mixin.py:188} INFO - [2024-11-19T07:54:50.866+0000] {dag.py:3047} INFO - Sync 1 DAGs
[2024-11-19T07:54:50.893+0000] {logging_mixin.py:188} INFO - [2024-11-19T07:54:50.893+0000] {dag.py:3834} INFO - Setting next_dagrun for file_read_dag_2 to 2024-11-19 00:00:00+00:00, run_after=2024-11-20 00:00:00+00:00
[2024-11-19T07:54:50.912+0000] {processor.py:183} INFO - Processing /opt/airflow/dags/file_read_dags_2.py took 0.092 seconds
[2024-11-19T07:55:21.007+0000] {processor.py:161} INFO - Started process (PID=103275) to work on /opt/airflow/dags/file_read_dags_2.py
[2024-11-19T07:55:21.008+0000] {processor.py:830} INFO - Processing file /opt/airflow/dags/file_read_dags_2.py for tasks to queue
[2024-11-19T07:55:21.009+0000] {logging_mixin.py:188} INFO - [2024-11-19T07:55:21.009+0000] {dagbag.py:540} INFO - Filling up the DagBag from /opt/airflow/dags/file_read_dags_2.py
[2024-11-19T07:55:21.021+0000] {processor.py:840} INFO - DAG(s) 'file_read_dag_2' retrieved from /opt/airflow/dags/file_read_dags_2.py
[2024-11-19T07:55:21.047+0000] {logging_mixin.py:188} INFO - [2024-11-19T07:55:21.047+0000] {dag.py:3047} INFO - Sync 1 DAGs
[2024-11-19T07:55:21.073+0000] {logging_mixin.py:188} INFO - [2024-11-19T07:55:21.073+0000] {dag.py:3834} INFO - Setting next_dagrun for file_read_dag_2 to 2024-11-19 00:00:00+00:00, run_after=2024-11-20 00:00:00+00:00
[2024-11-19T07:55:21.092+0000] {processor.py:183} INFO - Processing /opt/airflow/dags/file_read_dags_2.py took 0.090 seconds
[2024-11-19T07:55:51.421+0000] {processor.py:161} INFO - Started process (PID=103317) to work on /opt/airflow/dags/file_read_dags_2.py
[2024-11-19T07:55:51.422+0000] {processor.py:830} INFO - Processing file /opt/airflow/dags/file_read_dags_2.py for tasks to queue
[2024-11-19T07:55:51.423+0000] {logging_mixin.py:188} INFO - [2024-11-19T07:55:51.423+0000] {dagbag.py:540} INFO - Filling up the DagBag from /opt/airflow/dags/file_read_dags_2.py
[2024-11-19T07:55:51.436+0000] {processor.py:840} INFO - DAG(s) 'file_read_dag_2' retrieved from /opt/airflow/dags/file_read_dags_2.py
[2024-11-19T07:55:51.461+0000] {logging_mixin.py:188} INFO - [2024-11-19T07:55:51.461+0000] {dag.py:3047} INFO - Sync 1 DAGs
[2024-11-19T07:55:51.486+0000] {logging_mixin.py:188} INFO - [2024-11-19T07:55:51.486+0000] {dag.py:3834} INFO - Setting next_dagrun for file_read_dag_2 to 2024-11-19 00:00:00+00:00, run_after=2024-11-20 00:00:00+00:00
[2024-11-19T07:55:51.505+0000] {processor.py:183} INFO - Processing /opt/airflow/dags/file_read_dags_2.py took 0.089 seconds
[2024-11-19T07:56:21.656+0000] {processor.py:161} INFO - Started process (PID=103359) to work on /opt/airflow/dags/file_read_dags_2.py
[2024-11-19T07:56:21.658+0000] {processor.py:830} INFO - Processing file /opt/airflow/dags/file_read_dags_2.py for tasks to queue
[2024-11-19T07:56:21.659+0000] {logging_mixin.py:188} INFO - [2024-11-19T07:56:21.659+0000] {dagbag.py:540} INFO - Filling up the DagBag from /opt/airflow/dags/file_read_dags_2.py
[2024-11-19T07:56:21.672+0000] {processor.py:840} INFO - DAG(s) 'file_read_dag_2' retrieved from /opt/airflow/dags/file_read_dags_2.py
[2024-11-19T07:56:21.698+0000] {logging_mixin.py:188} INFO - [2024-11-19T07:56:21.697+0000] {dag.py:3047} INFO - Sync 1 DAGs
[2024-11-19T07:56:21.723+0000] {logging_mixin.py:188} INFO - [2024-11-19T07:56:21.722+0000] {dag.py:3834} INFO - Setting next_dagrun for file_read_dag_2 to 2024-11-19 00:00:00+00:00, run_after=2024-11-20 00:00:00+00:00
[2024-11-19T07:56:21.743+0000] {processor.py:183} INFO - Processing /opt/airflow/dags/file_read_dags_2.py took 0.092 seconds
[2024-11-19T07:56:52.095+0000] {processor.py:161} INFO - Started process (PID=103401) to work on /opt/airflow/dags/file_read_dags_2.py
[2024-11-19T07:56:52.096+0000] {processor.py:830} INFO - Processing file /opt/airflow/dags/file_read_dags_2.py for tasks to queue
[2024-11-19T07:56:52.097+0000] {logging_mixin.py:188} INFO - [2024-11-19T07:56:52.097+0000] {dagbag.py:540} INFO - Filling up the DagBag from /opt/airflow/dags/file_read_dags_2.py
[2024-11-19T07:56:52.110+0000] {processor.py:840} INFO - DAG(s) 'file_read_dag_2' retrieved from /opt/airflow/dags/file_read_dags_2.py
[2024-11-19T07:56:52.135+0000] {logging_mixin.py:188} INFO - [2024-11-19T07:56:52.135+0000] {dag.py:3047} INFO - Sync 1 DAGs
[2024-11-19T07:56:52.161+0000] {logging_mixin.py:188} INFO - [2024-11-19T07:56:52.161+0000] {dag.py:3834} INFO - Setting next_dagrun for file_read_dag_2 to 2024-11-19 00:00:00+00:00, run_after=2024-11-20 00:00:00+00:00
[2024-11-19T07:56:52.182+0000] {processor.py:183} INFO - Processing /opt/airflow/dags/file_read_dags_2.py took 0.091 seconds
[2024-11-19T07:57:22.322+0000] {processor.py:161} INFO - Started process (PID=103443) to work on /opt/airflow/dags/file_read_dags_2.py
[2024-11-19T07:57:22.323+0000] {processor.py:830} INFO - Processing file /opt/airflow/dags/file_read_dags_2.py for tasks to queue
[2024-11-19T07:57:22.324+0000] {logging_mixin.py:188} INFO - [2024-11-19T07:57:22.324+0000] {dagbag.py:540} INFO - Filling up the DagBag from /opt/airflow/dags/file_read_dags_2.py
[2024-11-19T07:57:22.337+0000] {processor.py:840} INFO - DAG(s) 'file_read_dag_2' retrieved from /opt/airflow/dags/file_read_dags_2.py
[2024-11-19T07:57:22.362+0000] {logging_mixin.py:188} INFO - [2024-11-19T07:57:22.362+0000] {dag.py:3047} INFO - Sync 1 DAGs
[2024-11-19T07:57:22.386+0000] {logging_mixin.py:188} INFO - [2024-11-19T07:57:22.386+0000] {dag.py:3834} INFO - Setting next_dagrun for file_read_dag_2 to 2024-11-19 00:00:00+00:00, run_after=2024-11-20 00:00:00+00:00
[2024-11-19T07:57:22.404+0000] {processor.py:183} INFO - Processing /opt/airflow/dags/file_read_dags_2.py took 0.088 seconds
[2024-11-19T07:57:52.755+0000] {processor.py:161} INFO - Started process (PID=103485) to work on /opt/airflow/dags/file_read_dags_2.py
[2024-11-19T07:57:52.756+0000] {processor.py:830} INFO - Processing file /opt/airflow/dags/file_read_dags_2.py for tasks to queue
[2024-11-19T07:57:52.757+0000] {logging_mixin.py:188} INFO - [2024-11-19T07:57:52.757+0000] {dagbag.py:540} INFO - Filling up the DagBag from /opt/airflow/dags/file_read_dags_2.py
[2024-11-19T07:57:52.770+0000] {processor.py:840} INFO - DAG(s) 'file_read_dag_2' retrieved from /opt/airflow/dags/file_read_dags_2.py
[2024-11-19T07:57:52.795+0000] {logging_mixin.py:188} INFO - [2024-11-19T07:57:52.795+0000] {dag.py:3047} INFO - Sync 1 DAGs
[2024-11-19T07:57:52.819+0000] {logging_mixin.py:188} INFO - [2024-11-19T07:57:52.819+0000] {dag.py:3834} INFO - Setting next_dagrun for file_read_dag_2 to 2024-11-19 00:00:00+00:00, run_after=2024-11-20 00:00:00+00:00
[2024-11-19T07:57:52.838+0000] {processor.py:183} INFO - Processing /opt/airflow/dags/file_read_dags_2.py took 0.088 seconds
[2024-11-19T07:58:23.575+0000] {processor.py:161} INFO - Started process (PID=103527) to work on /opt/airflow/dags/file_read_dags_2.py
[2024-11-19T07:58:23.576+0000] {processor.py:830} INFO - Processing file /opt/airflow/dags/file_read_dags_2.py for tasks to queue
[2024-11-19T07:58:23.577+0000] {logging_mixin.py:188} INFO - [2024-11-19T07:58:23.577+0000] {dagbag.py:540} INFO - Filling up the DagBag from /opt/airflow/dags/file_read_dags_2.py
[2024-11-19T07:58:23.590+0000] {processor.py:840} INFO - DAG(s) 'file_read_dag_2' retrieved from /opt/airflow/dags/file_read_dags_2.py
[2024-11-19T07:58:23.614+0000] {logging_mixin.py:188} INFO - [2024-11-19T07:58:23.614+0000] {dag.py:3047} INFO - Sync 1 DAGs
[2024-11-19T07:58:23.639+0000] {logging_mixin.py:188} INFO - [2024-11-19T07:58:23.638+0000] {dag.py:3834} INFO - Setting next_dagrun for file_read_dag_2 to 2024-11-19 00:00:00+00:00, run_after=2024-11-20 00:00:00+00:00
[2024-11-19T07:58:23.657+0000] {processor.py:183} INFO - Processing /opt/airflow/dags/file_read_dags_2.py took 0.086 seconds
[2024-11-19T07:58:54.036+0000] {processor.py:161} INFO - Started process (PID=103569) to work on /opt/airflow/dags/file_read_dags_2.py
[2024-11-19T07:58:54.039+0000] {processor.py:830} INFO - Processing file /opt/airflow/dags/file_read_dags_2.py for tasks to queue
[2024-11-19T07:58:54.040+0000] {logging_mixin.py:188} INFO - [2024-11-19T07:58:54.039+0000] {dagbag.py:540} INFO - Filling up the DagBag from /opt/airflow/dags/file_read_dags_2.py
[2024-11-19T07:58:54.052+0000] {processor.py:840} INFO - DAG(s) 'file_read_dag_2' retrieved from /opt/airflow/dags/file_read_dags_2.py
[2024-11-19T07:58:54.083+0000] {logging_mixin.py:188} INFO - [2024-11-19T07:58:54.083+0000] {dag.py:3047} INFO - Sync 1 DAGs
[2024-11-19T07:58:54.120+0000] {logging_mixin.py:188} INFO - [2024-11-19T07:58:54.120+0000] {dag.py:3834} INFO - Setting next_dagrun for file_read_dag_2 to 2024-11-19 00:00:00+00:00, run_after=2024-11-20 00:00:00+00:00
[2024-11-19T07:58:54.147+0000] {processor.py:183} INFO - Processing /opt/airflow/dags/file_read_dags_2.py took 0.115 seconds
[2024-11-19T07:59:24.621+0000] {processor.py:161} INFO - Started process (PID=103611) to work on /opt/airflow/dags/file_read_dags_2.py
[2024-11-19T07:59:24.623+0000] {processor.py:830} INFO - Processing file /opt/airflow/dags/file_read_dags_2.py for tasks to queue
[2024-11-19T07:59:24.624+0000] {logging_mixin.py:188} INFO - [2024-11-19T07:59:24.623+0000] {dagbag.py:540} INFO - Filling up the DagBag from /opt/airflow/dags/file_read_dags_2.py
[2024-11-19T07:59:24.636+0000] {processor.py:840} INFO - DAG(s) 'file_read_dag_2' retrieved from /opt/airflow/dags/file_read_dags_2.py
[2024-11-19T07:59:24.661+0000] {logging_mixin.py:188} INFO - [2024-11-19T07:59:24.661+0000] {dag.py:3047} INFO - Sync 1 DAGs
[2024-11-19T07:59:24.686+0000] {logging_mixin.py:188} INFO - [2024-11-19T07:59:24.686+0000] {dag.py:3834} INFO - Setting next_dagrun for file_read_dag_2 to 2024-11-19 00:00:00+00:00, run_after=2024-11-20 00:00:00+00:00
[2024-11-19T07:59:24.707+0000] {processor.py:183} INFO - Processing /opt/airflow/dags/file_read_dags_2.py took 0.090 seconds
[2024-11-19T07:59:55.234+0000] {processor.py:161} INFO - Started process (PID=103653) to work on /opt/airflow/dags/file_read_dags_2.py
[2024-11-19T07:59:55.236+0000] {processor.py:830} INFO - Processing file /opt/airflow/dags/file_read_dags_2.py for tasks to queue
[2024-11-19T07:59:55.237+0000] {logging_mixin.py:188} INFO - [2024-11-19T07:59:55.237+0000] {dagbag.py:540} INFO - Filling up the DagBag from /opt/airflow/dags/file_read_dags_2.py
[2024-11-19T07:59:55.251+0000] {processor.py:840} INFO - DAG(s) 'file_read_dag_2' retrieved from /opt/airflow/dags/file_read_dags_2.py
[2024-11-19T07:59:55.286+0000] {logging_mixin.py:188} INFO - [2024-11-19T07:59:55.286+0000] {dag.py:3047} INFO - Sync 1 DAGs
[2024-11-19T07:59:55.314+0000] {logging_mixin.py:188} INFO - [2024-11-19T07:59:55.314+0000] {dag.py:3834} INFO - Setting next_dagrun for file_read_dag_2 to 2024-11-19 00:00:00+00:00, run_after=2024-11-20 00:00:00+00:00
[2024-11-19T07:59:55.338+0000] {processor.py:183} INFO - Processing /opt/airflow/dags/file_read_dags_2.py took 0.108 seconds
[2024-11-19T08:00:25.747+0000] {processor.py:161} INFO - Started process (PID=103695) to work on /opt/airflow/dags/file_read_dags_2.py
[2024-11-19T08:00:25.748+0000] {processor.py:830} INFO - Processing file /opt/airflow/dags/file_read_dags_2.py for tasks to queue
[2024-11-19T08:00:25.749+0000] {logging_mixin.py:188} INFO - [2024-11-19T08:00:25.748+0000] {dagbag.py:540} INFO - Filling up the DagBag from /opt/airflow/dags/file_read_dags_2.py
[2024-11-19T08:00:25.762+0000] {processor.py:840} INFO - DAG(s) 'file_read_dag_2' retrieved from /opt/airflow/dags/file_read_dags_2.py
[2024-11-19T08:00:25.788+0000] {logging_mixin.py:188} INFO - [2024-11-19T08:00:25.788+0000] {dag.py:3047} INFO - Sync 1 DAGs
[2024-11-19T08:00:25.814+0000] {logging_mixin.py:188} INFO - [2024-11-19T08:00:25.814+0000] {dag.py:3834} INFO - Setting next_dagrun for file_read_dag_2 to 2024-11-19 00:00:00+00:00, run_after=2024-11-20 00:00:00+00:00
[2024-11-19T08:00:25.837+0000] {processor.py:183} INFO - Processing /opt/airflow/dags/file_read_dags_2.py took 0.094 seconds
[2024-11-19T08:00:56.175+0000] {processor.py:161} INFO - Started process (PID=103737) to work on /opt/airflow/dags/file_read_dags_2.py
[2024-11-19T08:00:56.176+0000] {processor.py:830} INFO - Processing file /opt/airflow/dags/file_read_dags_2.py for tasks to queue
[2024-11-19T08:00:56.177+0000] {logging_mixin.py:188} INFO - [2024-11-19T08:00:56.177+0000] {dagbag.py:540} INFO - Filling up the DagBag from /opt/airflow/dags/file_read_dags_2.py
[2024-11-19T08:00:56.190+0000] {processor.py:840} INFO - DAG(s) 'file_read_dag_2' retrieved from /opt/airflow/dags/file_read_dags_2.py
[2024-11-19T08:00:56.217+0000] {logging_mixin.py:188} INFO - [2024-11-19T08:00:56.217+0000] {dag.py:3047} INFO - Sync 1 DAGs
[2024-11-19T08:00:56.243+0000] {logging_mixin.py:188} INFO - [2024-11-19T08:00:56.242+0000] {dag.py:3834} INFO - Setting next_dagrun for file_read_dag_2 to 2024-11-19 00:00:00+00:00, run_after=2024-11-20 00:00:00+00:00
[2024-11-19T08:00:56.260+0000] {processor.py:183} INFO - Processing /opt/airflow/dags/file_read_dags_2.py took 0.090 seconds
[2024-11-19T08:01:26.759+0000] {processor.py:161} INFO - Started process (PID=103779) to work on /opt/airflow/dags/file_read_dags_2.py
[2024-11-19T08:01:26.761+0000] {processor.py:830} INFO - Processing file /opt/airflow/dags/file_read_dags_2.py for tasks to queue
[2024-11-19T08:01:26.762+0000] {logging_mixin.py:188} INFO - [2024-11-19T08:01:26.761+0000] {dagbag.py:540} INFO - Filling up the DagBag from /opt/airflow/dags/file_read_dags_2.py
[2024-11-19T08:01:26.777+0000] {processor.py:840} INFO - DAG(s) 'file_read_dag_2' retrieved from /opt/airflow/dags/file_read_dags_2.py
[2024-11-19T08:01:26.807+0000] {logging_mixin.py:188} INFO - [2024-11-19T08:01:26.807+0000] {dag.py:3047} INFO - Sync 1 DAGs
[2024-11-19T08:01:26.837+0000] {logging_mixin.py:188} INFO - [2024-11-19T08:01:26.837+0000] {dag.py:3834} INFO - Setting next_dagrun for file_read_dag_2 to 2024-11-19 00:00:00+00:00, run_after=2024-11-20 00:00:00+00:00
[2024-11-19T08:01:26.859+0000] {processor.py:183} INFO - Processing /opt/airflow/dags/file_read_dags_2.py took 0.105 seconds
[2024-11-19T08:01:57.495+0000] {processor.py:161} INFO - Started process (PID=103821) to work on /opt/airflow/dags/file_read_dags_2.py
[2024-11-19T08:01:57.496+0000] {processor.py:830} INFO - Processing file /opt/airflow/dags/file_read_dags_2.py for tasks to queue
[2024-11-19T08:01:57.497+0000] {logging_mixin.py:188} INFO - [2024-11-19T08:01:57.497+0000] {dagbag.py:540} INFO - Filling up the DagBag from /opt/airflow/dags/file_read_dags_2.py
[2024-11-19T08:01:57.510+0000] {processor.py:840} INFO - DAG(s) 'file_read_dag_2' retrieved from /opt/airflow/dags/file_read_dags_2.py
[2024-11-19T08:01:57.535+0000] {logging_mixin.py:188} INFO - [2024-11-19T08:01:57.534+0000] {dag.py:3047} INFO - Sync 1 DAGs
[2024-11-19T08:01:57.559+0000] {logging_mixin.py:188} INFO - [2024-11-19T08:01:57.559+0000] {dag.py:3834} INFO - Setting next_dagrun for file_read_dag_2 to 2024-11-19 00:00:00+00:00, run_after=2024-11-20 00:00:00+00:00
[2024-11-19T08:01:57.578+0000] {processor.py:183} INFO - Processing /opt/airflow/dags/file_read_dags_2.py took 0.088 seconds
[2024-11-19T08:02:28.020+0000] {processor.py:161} INFO - Started process (PID=103863) to work on /opt/airflow/dags/file_read_dags_2.py
[2024-11-19T08:02:28.021+0000] {processor.py:830} INFO - Processing file /opt/airflow/dags/file_read_dags_2.py for tasks to queue
[2024-11-19T08:02:28.022+0000] {logging_mixin.py:188} INFO - [2024-11-19T08:02:28.022+0000] {dagbag.py:540} INFO - Filling up the DagBag from /opt/airflow/dags/file_read_dags_2.py
[2024-11-19T08:02:28.035+0000] {processor.py:840} INFO - DAG(s) 'file_read_dag_2' retrieved from /opt/airflow/dags/file_read_dags_2.py
[2024-11-19T08:02:28.063+0000] {logging_mixin.py:188} INFO - [2024-11-19T08:02:28.063+0000] {dag.py:3047} INFO - Sync 1 DAGs
[2024-11-19T08:02:28.092+0000] {logging_mixin.py:188} INFO - [2024-11-19T08:02:28.092+0000] {dag.py:3834} INFO - Setting next_dagrun for file_read_dag_2 to 2024-11-19 00:00:00+00:00, run_after=2024-11-20 00:00:00+00:00
[2024-11-19T08:02:28.112+0000] {processor.py:183} INFO - Processing /opt/airflow/dags/file_read_dags_2.py took 0.096 seconds
[2024-11-19T08:02:58.317+0000] {processor.py:161} INFO - Started process (PID=103905) to work on /opt/airflow/dags/file_read_dags_2.py
[2024-11-19T08:02:58.319+0000] {processor.py:830} INFO - Processing file /opt/airflow/dags/file_read_dags_2.py for tasks to queue
[2024-11-19T08:02:58.320+0000] {logging_mixin.py:188} INFO - [2024-11-19T08:02:58.320+0000] {dagbag.py:540} INFO - Filling up the DagBag from /opt/airflow/dags/file_read_dags_2.py
[2024-11-19T08:02:58.334+0000] {processor.py:840} INFO - DAG(s) 'file_read_dag_2' retrieved from /opt/airflow/dags/file_read_dags_2.py
[2024-11-19T08:02:58.363+0000] {logging_mixin.py:188} INFO - [2024-11-19T08:02:58.363+0000] {dag.py:3047} INFO - Sync 1 DAGs
[2024-11-19T08:02:58.393+0000] {logging_mixin.py:188} INFO - [2024-11-19T08:02:58.392+0000] {dag.py:3834} INFO - Setting next_dagrun for file_read_dag_2 to 2024-11-19 00:00:00+00:00, run_after=2024-11-20 00:00:00+00:00
[2024-11-19T08:02:58.411+0000] {processor.py:183} INFO - Processing /opt/airflow/dags/file_read_dags_2.py took 0.098 seconds
[2024-11-19T08:03:28.848+0000] {processor.py:161} INFO - Started process (PID=103947) to work on /opt/airflow/dags/file_read_dags_2.py
[2024-11-19T08:03:28.849+0000] {processor.py:830} INFO - Processing file /opt/airflow/dags/file_read_dags_2.py for tasks to queue
[2024-11-19T08:03:28.850+0000] {logging_mixin.py:188} INFO - [2024-11-19T08:03:28.850+0000] {dagbag.py:540} INFO - Filling up the DagBag from /opt/airflow/dags/file_read_dags_2.py
[2024-11-19T08:03:28.863+0000] {processor.py:840} INFO - DAG(s) 'file_read_dag_2' retrieved from /opt/airflow/dags/file_read_dags_2.py
[2024-11-19T08:03:28.890+0000] {logging_mixin.py:188} INFO - [2024-11-19T08:03:28.889+0000] {dag.py:3047} INFO - Sync 1 DAGs
[2024-11-19T08:03:28.914+0000] {logging_mixin.py:188} INFO - [2024-11-19T08:03:28.914+0000] {dag.py:3834} INFO - Setting next_dagrun for file_read_dag_2 to 2024-11-19 00:00:00+00:00, run_after=2024-11-20 00:00:00+00:00
[2024-11-19T08:03:28.934+0000] {processor.py:183} INFO - Processing /opt/airflow/dags/file_read_dags_2.py took 0.090 seconds
[2024-11-19T08:03:59.723+0000] {processor.py:161} INFO - Started process (PID=103989) to work on /opt/airflow/dags/file_read_dags_2.py
[2024-11-19T08:03:59.724+0000] {processor.py:830} INFO - Processing file /opt/airflow/dags/file_read_dags_2.py for tasks to queue
[2024-11-19T08:03:59.725+0000] {logging_mixin.py:188} INFO - [2024-11-19T08:03:59.725+0000] {dagbag.py:540} INFO - Filling up the DagBag from /opt/airflow/dags/file_read_dags_2.py
[2024-11-19T08:03:59.738+0000] {processor.py:840} INFO - DAG(s) 'file_read_dag_2' retrieved from /opt/airflow/dags/file_read_dags_2.py
[2024-11-19T08:03:59.768+0000] {logging_mixin.py:188} INFO - [2024-11-19T08:03:59.768+0000] {dag.py:3047} INFO - Sync 1 DAGs
[2024-11-19T08:03:59.793+0000] {logging_mixin.py:188} INFO - [2024-11-19T08:03:59.792+0000] {dag.py:3834} INFO - Setting next_dagrun for file_read_dag_2 to 2024-11-19 00:00:00+00:00, run_after=2024-11-20 00:00:00+00:00
[2024-11-19T08:03:59.812+0000] {processor.py:183} INFO - Processing /opt/airflow/dags/file_read_dags_2.py took 0.094 seconds
[2024-11-19T08:04:30.133+0000] {processor.py:161} INFO - Started process (PID=104031) to work on /opt/airflow/dags/file_read_dags_2.py
[2024-11-19T08:04:30.135+0000] {processor.py:830} INFO - Processing file /opt/airflow/dags/file_read_dags_2.py for tasks to queue
[2024-11-19T08:04:30.136+0000] {logging_mixin.py:188} INFO - [2024-11-19T08:04:30.135+0000] {dagbag.py:540} INFO - Filling up the DagBag from /opt/airflow/dags/file_read_dags_2.py
[2024-11-19T08:04:30.149+0000] {processor.py:840} INFO - DAG(s) 'file_read_dag_2' retrieved from /opt/airflow/dags/file_read_dags_2.py
[2024-11-19T08:04:30.176+0000] {logging_mixin.py:188} INFO - [2024-11-19T08:04:30.176+0000] {dag.py:3047} INFO - Sync 1 DAGs
[2024-11-19T08:04:30.203+0000] {logging_mixin.py:188} INFO - [2024-11-19T08:04:30.203+0000] {dag.py:3834} INFO - Setting next_dagrun for file_read_dag_2 to 2024-11-19 00:00:00+00:00, run_after=2024-11-20 00:00:00+00:00
[2024-11-19T08:04:30.224+0000] {processor.py:183} INFO - Processing /opt/airflow/dags/file_read_dags_2.py took 0.096 seconds
[2024-11-19T08:05:00.386+0000] {processor.py:161} INFO - Started process (PID=104073) to work on /opt/airflow/dags/file_read_dags_2.py
[2024-11-19T08:05:00.388+0000] {processor.py:830} INFO - Processing file /opt/airflow/dags/file_read_dags_2.py for tasks to queue
[2024-11-19T08:05:00.389+0000] {logging_mixin.py:188} INFO - [2024-11-19T08:05:00.388+0000] {dagbag.py:540} INFO - Filling up the DagBag from /opt/airflow/dags/file_read_dags_2.py
[2024-11-19T08:05:00.403+0000] {processor.py:840} INFO - DAG(s) 'file_read_dag_2' retrieved from /opt/airflow/dags/file_read_dags_2.py
[2024-11-19T08:05:00.429+0000] {logging_mixin.py:188} INFO - [2024-11-19T08:05:00.429+0000] {dag.py:3047} INFO - Sync 1 DAGs
[2024-11-19T08:05:00.455+0000] {logging_mixin.py:188} INFO - [2024-11-19T08:05:00.454+0000] {dag.py:3834} INFO - Setting next_dagrun for file_read_dag_2 to 2024-11-19 00:00:00+00:00, run_after=2024-11-20 00:00:00+00:00
[2024-11-19T08:05:00.475+0000] {processor.py:183} INFO - Processing /opt/airflow/dags/file_read_dags_2.py took 0.093 seconds
[2024-11-19T08:05:30.821+0000] {processor.py:161} INFO - Started process (PID=104114) to work on /opt/airflow/dags/file_read_dags_2.py
[2024-11-19T08:05:30.822+0000] {processor.py:830} INFO - Processing file /opt/airflow/dags/file_read_dags_2.py for tasks to queue
[2024-11-19T08:05:30.823+0000] {logging_mixin.py:188} INFO - [2024-11-19T08:05:30.823+0000] {dagbag.py:540} INFO - Filling up the DagBag from /opt/airflow/dags/file_read_dags_2.py
[2024-11-19T08:05:30.835+0000] {processor.py:840} INFO - DAG(s) 'file_read_dag_2' retrieved from /opt/airflow/dags/file_read_dags_2.py
[2024-11-19T08:05:30.860+0000] {logging_mixin.py:188} INFO - [2024-11-19T08:05:30.860+0000] {dag.py:3047} INFO - Sync 1 DAGs
[2024-11-19T08:05:30.884+0000] {logging_mixin.py:188} INFO - [2024-11-19T08:05:30.884+0000] {dag.py:3834} INFO - Setting next_dagrun for file_read_dag_2 to 2024-11-19 00:00:00+00:00, run_after=2024-11-20 00:00:00+00:00
[2024-11-19T08:05:30.903+0000] {processor.py:183} INFO - Processing /opt/airflow/dags/file_read_dags_2.py took 0.086 seconds
[2024-11-19T08:06:01.282+0000] {processor.py:161} INFO - Started process (PID=104156) to work on /opt/airflow/dags/file_read_dags_2.py
[2024-11-19T08:06:01.284+0000] {processor.py:830} INFO - Processing file /opt/airflow/dags/file_read_dags_2.py for tasks to queue
[2024-11-19T08:06:01.285+0000] {logging_mixin.py:188} INFO - [2024-11-19T08:06:01.284+0000] {dagbag.py:540} INFO - Filling up the DagBag from /opt/airflow/dags/file_read_dags_2.py
[2024-11-19T08:06:01.298+0000] {processor.py:840} INFO - DAG(s) 'file_read_dag_2' retrieved from /opt/airflow/dags/file_read_dags_2.py
[2024-11-19T08:06:01.323+0000] {logging_mixin.py:188} INFO - [2024-11-19T08:06:01.323+0000] {dag.py:3047} INFO - Sync 1 DAGs
[2024-11-19T08:06:01.356+0000] {logging_mixin.py:188} INFO - [2024-11-19T08:06:01.356+0000] {dag.py:3834} INFO - Setting next_dagrun for file_read_dag_2 to 2024-11-19 00:00:00+00:00, run_after=2024-11-20 00:00:00+00:00
[2024-11-19T08:06:01.375+0000] {processor.py:183} INFO - Processing /opt/airflow/dags/file_read_dags_2.py took 0.097 seconds
[2024-11-19T08:06:31.587+0000] {processor.py:161} INFO - Started process (PID=104197) to work on /opt/airflow/dags/file_read_dags_2.py
[2024-11-19T08:06:31.588+0000] {processor.py:830} INFO - Processing file /opt/airflow/dags/file_read_dags_2.py for tasks to queue
[2024-11-19T08:06:31.589+0000] {logging_mixin.py:188} INFO - [2024-11-19T08:06:31.589+0000] {dagbag.py:540} INFO - Filling up the DagBag from /opt/airflow/dags/file_read_dags_2.py
[2024-11-19T08:06:31.602+0000] {processor.py:840} INFO - DAG(s) 'file_read_dag_2' retrieved from /opt/airflow/dags/file_read_dags_2.py
[2024-11-19T08:06:31.627+0000] {logging_mixin.py:188} INFO - [2024-11-19T08:06:31.627+0000] {dag.py:3047} INFO - Sync 1 DAGs
[2024-11-19T08:06:31.652+0000] {logging_mixin.py:188} INFO - [2024-11-19T08:06:31.652+0000] {dag.py:3834} INFO - Setting next_dagrun for file_read_dag_2 to 2024-11-19 00:00:00+00:00, run_after=2024-11-20 00:00:00+00:00
[2024-11-19T08:06:31.670+0000] {processor.py:183} INFO - Processing /opt/airflow/dags/file_read_dags_2.py took 0.088 seconds
[2024-11-19T08:07:02.356+0000] {processor.py:161} INFO - Started process (PID=104234) to work on /opt/airflow/dags/file_read_dags_2.py
[2024-11-19T08:07:02.358+0000] {processor.py:830} INFO - Processing file /opt/airflow/dags/file_read_dags_2.py for tasks to queue
[2024-11-19T08:07:02.359+0000] {logging_mixin.py:188} INFO - [2024-11-19T08:07:02.359+0000] {dagbag.py:540} INFO - Filling up the DagBag from /opt/airflow/dags/file_read_dags_2.py
[2024-11-19T08:07:02.372+0000] {processor.py:840} INFO - DAG(s) 'file_read_dag_2' retrieved from /opt/airflow/dags/file_read_dags_2.py
[2024-11-19T08:07:02.403+0000] {logging_mixin.py:188} INFO - [2024-11-19T08:07:02.403+0000] {dag.py:3047} INFO - Sync 1 DAGs
[2024-11-19T08:07:02.430+0000] {logging_mixin.py:188} INFO - [2024-11-19T08:07:02.430+0000] {dag.py:3834} INFO - Setting next_dagrun for file_read_dag_2 to 2024-11-19 00:00:00+00:00, run_after=2024-11-20 00:00:00+00:00
[2024-11-19T08:07:02.454+0000] {processor.py:183} INFO - Processing /opt/airflow/dags/file_read_dags_2.py took 0.102 seconds
[2024-11-19T08:07:33.018+0000] {processor.py:161} INFO - Started process (PID=104276) to work on /opt/airflow/dags/file_read_dags_2.py
[2024-11-19T08:07:33.019+0000] {processor.py:830} INFO - Processing file /opt/airflow/dags/file_read_dags_2.py for tasks to queue
[2024-11-19T08:07:33.021+0000] {logging_mixin.py:188} INFO - [2024-11-19T08:07:33.020+0000] {dagbag.py:540} INFO - Filling up the DagBag from /opt/airflow/dags/file_read_dags_2.py
[2024-11-19T08:07:33.038+0000] {processor.py:840} INFO - DAG(s) 'file_read_dag_2' retrieved from /opt/airflow/dags/file_read_dags_2.py
[2024-11-19T08:07:33.075+0000] {logging_mixin.py:188} INFO - [2024-11-19T08:07:33.075+0000] {dag.py:3047} INFO - Sync 1 DAGs
[2024-11-19T08:07:33.105+0000] {logging_mixin.py:188} INFO - [2024-11-19T08:07:33.104+0000] {dag.py:3834} INFO - Setting next_dagrun for file_read_dag_2 to 2024-11-19 00:00:00+00:00, run_after=2024-11-20 00:00:00+00:00
[2024-11-19T08:07:33.130+0000] {processor.py:183} INFO - Processing /opt/airflow/dags/file_read_dags_2.py took 0.119 seconds
[2024-11-19T08:08:03.701+0000] {processor.py:161} INFO - Started process (PID=104318) to work on /opt/airflow/dags/file_read_dags_2.py
[2024-11-19T08:08:03.702+0000] {processor.py:830} INFO - Processing file /opt/airflow/dags/file_read_dags_2.py for tasks to queue
[2024-11-19T08:08:03.703+0000] {logging_mixin.py:188} INFO - [2024-11-19T08:08:03.702+0000] {dagbag.py:540} INFO - Filling up the DagBag from /opt/airflow/dags/file_read_dags_2.py
[2024-11-19T08:08:03.715+0000] {processor.py:840} INFO - DAG(s) 'file_read_dag_2' retrieved from /opt/airflow/dags/file_read_dags_2.py
[2024-11-19T08:08:03.742+0000] {logging_mixin.py:188} INFO - [2024-11-19T08:08:03.741+0000] {dag.py:3047} INFO - Sync 1 DAGs
[2024-11-19T08:08:03.768+0000] {logging_mixin.py:188} INFO - [2024-11-19T08:08:03.768+0000] {dag.py:3834} INFO - Setting next_dagrun for file_read_dag_2 to 2024-11-19 00:00:00+00:00, run_after=2024-11-20 00:00:00+00:00
[2024-11-19T08:08:03.788+0000] {processor.py:183} INFO - Processing /opt/airflow/dags/file_read_dags_2.py took 0.092 seconds
[2024-11-19T08:08:34.288+0000] {processor.py:161} INFO - Started process (PID=104366) to work on /opt/airflow/dags/file_read_dags_2.py
[2024-11-19T08:08:34.289+0000] {processor.py:830} INFO - Processing file /opt/airflow/dags/file_read_dags_2.py for tasks to queue
[2024-11-19T08:08:34.290+0000] {logging_mixin.py:188} INFO - [2024-11-19T08:08:34.290+0000] {dagbag.py:540} INFO - Filling up the DagBag from /opt/airflow/dags/file_read_dags_2.py
[2024-11-19T08:08:34.303+0000] {processor.py:840} INFO - DAG(s) 'file_read_dag_2' retrieved from /opt/airflow/dags/file_read_dags_2.py
[2024-11-19T08:08:34.330+0000] {logging_mixin.py:188} INFO - [2024-11-19T08:08:34.330+0000] {dag.py:3047} INFO - Sync 1 DAGs
[2024-11-19T08:08:34.356+0000] {logging_mixin.py:188} INFO - [2024-11-19T08:08:34.356+0000] {dag.py:3834} INFO - Setting next_dagrun for file_read_dag_2 to 2024-11-19 00:00:00+00:00, run_after=2024-11-20 00:00:00+00:00
[2024-11-19T08:08:34.379+0000] {processor.py:183} INFO - Processing /opt/airflow/dags/file_read_dags_2.py took 0.095 seconds
[2024-11-19T08:09:04.730+0000] {processor.py:161} INFO - Started process (PID=104408) to work on /opt/airflow/dags/file_read_dags_2.py
[2024-11-19T08:09:04.731+0000] {processor.py:830} INFO - Processing file /opt/airflow/dags/file_read_dags_2.py for tasks to queue
[2024-11-19T08:09:04.732+0000] {logging_mixin.py:188} INFO - [2024-11-19T08:09:04.732+0000] {dagbag.py:540} INFO - Filling up the DagBag from /opt/airflow/dags/file_read_dags_2.py
[2024-11-19T08:09:04.745+0000] {processor.py:840} INFO - DAG(s) 'file_read_dag_2' retrieved from /opt/airflow/dags/file_read_dags_2.py
[2024-11-19T08:09:04.775+0000] {logging_mixin.py:188} INFO - [2024-11-19T08:09:04.774+0000] {dag.py:3047} INFO - Sync 1 DAGs
[2024-11-19T08:09:04.808+0000] {logging_mixin.py:188} INFO - [2024-11-19T08:09:04.808+0000] {dag.py:3834} INFO - Setting next_dagrun for file_read_dag_2 to 2024-11-19 00:00:00+00:00, run_after=2024-11-20 00:00:00+00:00
[2024-11-19T08:09:04.829+0000] {processor.py:183} INFO - Processing /opt/airflow/dags/file_read_dags_2.py took 0.103 seconds
[2024-11-19T08:09:35.161+0000] {processor.py:161} INFO - Started process (PID=104450) to work on /opt/airflow/dags/file_read_dags_2.py
[2024-11-19T08:09:35.162+0000] {processor.py:830} INFO - Processing file /opt/airflow/dags/file_read_dags_2.py for tasks to queue
[2024-11-19T08:09:35.163+0000] {logging_mixin.py:188} INFO - [2024-11-19T08:09:35.163+0000] {dagbag.py:540} INFO - Filling up the DagBag from /opt/airflow/dags/file_read_dags_2.py
[2024-11-19T08:09:35.175+0000] {processor.py:840} INFO - DAG(s) 'file_read_dag_2' retrieved from /opt/airflow/dags/file_read_dags_2.py
[2024-11-19T08:09:35.201+0000] {logging_mixin.py:188} INFO - [2024-11-19T08:09:35.201+0000] {dag.py:3047} INFO - Sync 1 DAGs
[2024-11-19T08:09:35.228+0000] {logging_mixin.py:188} INFO - [2024-11-19T08:09:35.227+0000] {dag.py:3834} INFO - Setting next_dagrun for file_read_dag_2 to 2024-11-19 00:00:00+00:00, run_after=2024-11-20 00:00:00+00:00
[2024-11-19T08:09:35.247+0000] {processor.py:183} INFO - Processing /opt/airflow/dags/file_read_dags_2.py took 0.091 seconds
[2024-11-19T08:10:05.913+0000] {processor.py:161} INFO - Started process (PID=104492) to work on /opt/airflow/dags/file_read_dags_2.py
[2024-11-19T08:10:05.914+0000] {processor.py:830} INFO - Processing file /opt/airflow/dags/file_read_dags_2.py for tasks to queue
[2024-11-19T08:10:05.915+0000] {logging_mixin.py:188} INFO - [2024-11-19T08:10:05.915+0000] {dagbag.py:540} INFO - Filling up the DagBag from /opt/airflow/dags/file_read_dags_2.py
[2024-11-19T08:10:05.927+0000] {processor.py:840} INFO - DAG(s) 'file_read_dag_2' retrieved from /opt/airflow/dags/file_read_dags_2.py
[2024-11-19T08:10:05.952+0000] {logging_mixin.py:188} INFO - [2024-11-19T08:10:05.951+0000] {dag.py:3047} INFO - Sync 1 DAGs
[2024-11-19T08:10:05.975+0000] {logging_mixin.py:188} INFO - [2024-11-19T08:10:05.975+0000] {dag.py:3834} INFO - Setting next_dagrun for file_read_dag_2 to 2024-11-19 00:00:00+00:00, run_after=2024-11-20 00:00:00+00:00
[2024-11-19T08:10:05.992+0000] {processor.py:183} INFO - Processing /opt/airflow/dags/file_read_dags_2.py took 0.084 seconds
[2024-11-19T08:10:36.636+0000] {processor.py:161} INFO - Started process (PID=104534) to work on /opt/airflow/dags/file_read_dags_2.py
[2024-11-19T08:10:36.637+0000] {processor.py:830} INFO - Processing file /opt/airflow/dags/file_read_dags_2.py for tasks to queue
[2024-11-19T08:10:36.638+0000] {logging_mixin.py:188} INFO - [2024-11-19T08:10:36.638+0000] {dagbag.py:540} INFO - Filling up the DagBag from /opt/airflow/dags/file_read_dags_2.py
[2024-11-19T08:10:36.651+0000] {processor.py:840} INFO - DAG(s) 'file_read_dag_2' retrieved from /opt/airflow/dags/file_read_dags_2.py
[2024-11-19T08:10:36.676+0000] {logging_mixin.py:188} INFO - [2024-11-19T08:10:36.676+0000] {dag.py:3047} INFO - Sync 1 DAGs
[2024-11-19T08:10:36.701+0000] {logging_mixin.py:188} INFO - [2024-11-19T08:10:36.701+0000] {dag.py:3834} INFO - Setting next_dagrun for file_read_dag_2 to 2024-11-19 00:00:00+00:00, run_after=2024-11-20 00:00:00+00:00
[2024-11-19T08:10:36.721+0000] {processor.py:183} INFO - Processing /opt/airflow/dags/file_read_dags_2.py took 0.090 seconds
[2024-11-19T08:11:07.354+0000] {processor.py:161} INFO - Started process (PID=104576) to work on /opt/airflow/dags/file_read_dags_2.py
[2024-11-19T08:11:07.355+0000] {processor.py:830} INFO - Processing file /opt/airflow/dags/file_read_dags_2.py for tasks to queue
[2024-11-19T08:11:07.356+0000] {logging_mixin.py:188} INFO - [2024-11-19T08:11:07.356+0000] {dagbag.py:540} INFO - Filling up the DagBag from /opt/airflow/dags/file_read_dags_2.py
[2024-11-19T08:11:07.369+0000] {processor.py:840} INFO - DAG(s) 'file_read_dag_2' retrieved from /opt/airflow/dags/file_read_dags_2.py
[2024-11-19T08:11:07.397+0000] {logging_mixin.py:188} INFO - [2024-11-19T08:11:07.396+0000] {dag.py:3047} INFO - Sync 1 DAGs
[2024-11-19T08:11:07.425+0000] {logging_mixin.py:188} INFO - [2024-11-19T08:11:07.425+0000] {dag.py:3834} INFO - Setting next_dagrun for file_read_dag_2 to 2024-11-19 00:00:00+00:00, run_after=2024-11-20 00:00:00+00:00
[2024-11-19T08:11:07.445+0000] {processor.py:183} INFO - Processing /opt/airflow/dags/file_read_dags_2.py took 0.096 seconds
[2024-11-19T08:11:38.155+0000] {processor.py:161} INFO - Started process (PID=104618) to work on /opt/airflow/dags/file_read_dags_2.py
[2024-11-19T08:11:38.156+0000] {processor.py:830} INFO - Processing file /opt/airflow/dags/file_read_dags_2.py for tasks to queue
[2024-11-19T08:11:38.157+0000] {logging_mixin.py:188} INFO - [2024-11-19T08:11:38.157+0000] {dagbag.py:540} INFO - Filling up the DagBag from /opt/airflow/dags/file_read_dags_2.py
[2024-11-19T08:11:38.169+0000] {processor.py:840} INFO - DAG(s) 'file_read_dag_2' retrieved from /opt/airflow/dags/file_read_dags_2.py
[2024-11-19T08:11:38.195+0000] {logging_mixin.py:188} INFO - [2024-11-19T08:11:38.194+0000] {dag.py:3047} INFO - Sync 1 DAGs
[2024-11-19T08:11:38.218+0000] {logging_mixin.py:188} INFO - [2024-11-19T08:11:38.218+0000] {dag.py:3834} INFO - Setting next_dagrun for file_read_dag_2 to 2024-11-19 00:00:00+00:00, run_after=2024-11-20 00:00:00+00:00
[2024-11-19T08:11:38.236+0000] {processor.py:183} INFO - Processing /opt/airflow/dags/file_read_dags_2.py took 0.086 seconds
[2024-11-19T08:12:09.037+0000] {processor.py:161} INFO - Started process (PID=104660) to work on /opt/airflow/dags/file_read_dags_2.py
[2024-11-19T08:12:09.038+0000] {processor.py:830} INFO - Processing file /opt/airflow/dags/file_read_dags_2.py for tasks to queue
[2024-11-19T08:12:09.039+0000] {logging_mixin.py:188} INFO - [2024-11-19T08:12:09.039+0000] {dagbag.py:540} INFO - Filling up the DagBag from /opt/airflow/dags/file_read_dags_2.py
[2024-11-19T08:12:09.052+0000] {processor.py:840} INFO - DAG(s) 'file_read_dag_2' retrieved from /opt/airflow/dags/file_read_dags_2.py
[2024-11-19T08:12:09.081+0000] {logging_mixin.py:188} INFO - [2024-11-19T08:12:09.081+0000] {dag.py:3047} INFO - Sync 1 DAGs
[2024-11-19T08:12:09.109+0000] {logging_mixin.py:188} INFO - [2024-11-19T08:12:09.109+0000] {dag.py:3834} INFO - Setting next_dagrun for file_read_dag_2 to 2024-11-19 00:00:00+00:00, run_after=2024-11-20 00:00:00+00:00
[2024-11-19T08:12:09.129+0000] {processor.py:183} INFO - Processing /opt/airflow/dags/file_read_dags_2.py took 0.096 seconds
[2024-11-19T08:12:39.232+0000] {processor.py:161} INFO - Started process (PID=104702) to work on /opt/airflow/dags/file_read_dags_2.py
[2024-11-19T08:12:39.233+0000] {processor.py:830} INFO - Processing file /opt/airflow/dags/file_read_dags_2.py for tasks to queue
[2024-11-19T08:12:39.234+0000] {logging_mixin.py:188} INFO - [2024-11-19T08:12:39.234+0000] {dagbag.py:540} INFO - Filling up the DagBag from /opt/airflow/dags/file_read_dags_2.py
[2024-11-19T08:12:39.247+0000] {processor.py:840} INFO - DAG(s) 'file_read_dag_2' retrieved from /opt/airflow/dags/file_read_dags_2.py
[2024-11-19T08:12:39.273+0000] {logging_mixin.py:188} INFO - [2024-11-19T08:12:39.272+0000] {dag.py:3047} INFO - Sync 1 DAGs
[2024-11-19T08:12:39.297+0000] {logging_mixin.py:188} INFO - [2024-11-19T08:12:39.297+0000] {dag.py:3834} INFO - Setting next_dagrun for file_read_dag_2 to 2024-11-19 00:00:00+00:00, run_after=2024-11-20 00:00:00+00:00
[2024-11-19T08:12:39.317+0000] {processor.py:183} INFO - Processing /opt/airflow/dags/file_read_dags_2.py took 0.090 seconds
[2024-11-19T08:13:09.415+0000] {processor.py:161} INFO - Started process (PID=104745) to work on /opt/airflow/dags/file_read_dags_2.py
[2024-11-19T08:13:09.416+0000] {processor.py:830} INFO - Processing file /opt/airflow/dags/file_read_dags_2.py for tasks to queue
[2024-11-19T08:13:09.417+0000] {logging_mixin.py:188} INFO - [2024-11-19T08:13:09.417+0000] {dagbag.py:540} INFO - Filling up the DagBag from /opt/airflow/dags/file_read_dags_2.py
[2024-11-19T08:13:09.430+0000] {processor.py:840} INFO - DAG(s) 'file_read_dag_2' retrieved from /opt/airflow/dags/file_read_dags_2.py
[2024-11-19T08:13:09.455+0000] {logging_mixin.py:188} INFO - [2024-11-19T08:13:09.455+0000] {dag.py:3047} INFO - Sync 1 DAGs
[2024-11-19T08:13:09.481+0000] {logging_mixin.py:188} INFO - [2024-11-19T08:13:09.481+0000] {dag.py:3834} INFO - Setting next_dagrun for file_read_dag_2 to 2024-11-19 00:00:00+00:00, run_after=2024-11-20 00:00:00+00:00
[2024-11-19T08:13:09.499+0000] {processor.py:183} INFO - Processing /opt/airflow/dags/file_read_dags_2.py took 0.089 seconds
[2024-11-19T08:13:39.930+0000] {processor.py:161} INFO - Started process (PID=104788) to work on /opt/airflow/dags/file_read_dags_2.py
[2024-11-19T08:13:39.932+0000] {processor.py:830} INFO - Processing file /opt/airflow/dags/file_read_dags_2.py for tasks to queue
[2024-11-19T08:13:39.933+0000] {logging_mixin.py:188} INFO - [2024-11-19T08:13:39.932+0000] {dagbag.py:540} INFO - Filling up the DagBag from /opt/airflow/dags/file_read_dags_2.py
[2024-11-19T08:13:39.945+0000] {processor.py:840} INFO - DAG(s) 'file_read_dag_2' retrieved from /opt/airflow/dags/file_read_dags_2.py
[2024-11-19T08:13:39.972+0000] {logging_mixin.py:188} INFO - [2024-11-19T08:13:39.972+0000] {dag.py:3047} INFO - Sync 1 DAGs
[2024-11-19T08:13:39.997+0000] {logging_mixin.py:188} INFO - [2024-11-19T08:13:39.997+0000] {dag.py:3834} INFO - Setting next_dagrun for file_read_dag_2 to 2024-11-19 00:00:00+00:00, run_after=2024-11-20 00:00:00+00:00
[2024-11-19T08:13:40.016+0000] {processor.py:183} INFO - Processing /opt/airflow/dags/file_read_dags_2.py took 0.090 seconds
[2024-11-19T08:14:10.421+0000] {processor.py:161} INFO - Started process (PID=104831) to work on /opt/airflow/dags/file_read_dags_2.py
[2024-11-19T08:14:10.423+0000] {processor.py:830} INFO - Processing file /opt/airflow/dags/file_read_dags_2.py for tasks to queue
[2024-11-19T08:14:10.424+0000] {logging_mixin.py:188} INFO - [2024-11-19T08:14:10.423+0000] {dagbag.py:540} INFO - Filling up the DagBag from /opt/airflow/dags/file_read_dags_2.py
[2024-11-19T08:14:10.436+0000] {processor.py:840} INFO - DAG(s) 'file_read_dag_2' retrieved from /opt/airflow/dags/file_read_dags_2.py
[2024-11-19T08:14:10.462+0000] {logging_mixin.py:188} INFO - [2024-11-19T08:14:10.461+0000] {dag.py:3047} INFO - Sync 1 DAGs
[2024-11-19T08:14:10.487+0000] {logging_mixin.py:188} INFO - [2024-11-19T08:14:10.486+0000] {dag.py:3834} INFO - Setting next_dagrun for file_read_dag_2 to 2024-11-19 00:00:00+00:00, run_after=2024-11-20 00:00:00+00:00
[2024-11-19T08:14:10.507+0000] {processor.py:183} INFO - Processing /opt/airflow/dags/file_read_dags_2.py took 0.090 seconds
[2024-11-19T08:14:41.136+0000] {processor.py:161} INFO - Started process (PID=104874) to work on /opt/airflow/dags/file_read_dags_2.py
[2024-11-19T08:14:41.137+0000] {processor.py:830} INFO - Processing file /opt/airflow/dags/file_read_dags_2.py for tasks to queue
[2024-11-19T08:14:41.139+0000] {logging_mixin.py:188} INFO - [2024-11-19T08:14:41.138+0000] {dagbag.py:540} INFO - Filling up the DagBag from /opt/airflow/dags/file_read_dags_2.py
[2024-11-19T08:14:41.152+0000] {processor.py:840} INFO - DAG(s) 'file_read_dag_2' retrieved from /opt/airflow/dags/file_read_dags_2.py
[2024-11-19T08:14:41.178+0000] {logging_mixin.py:188} INFO - [2024-11-19T08:14:41.177+0000] {dag.py:3047} INFO - Sync 1 DAGs
[2024-11-19T08:14:41.202+0000] {logging_mixin.py:188} INFO - [2024-11-19T08:14:41.202+0000] {dag.py:3834} INFO - Setting next_dagrun for file_read_dag_2 to 2024-11-19 00:00:00+00:00, run_after=2024-11-20 00:00:00+00:00
[2024-11-19T08:14:41.222+0000] {processor.py:183} INFO - Processing /opt/airflow/dags/file_read_dags_2.py took 0.090 seconds
[2024-11-19T08:15:11.253+0000] {processor.py:161} INFO - Started process (PID=104917) to work on /opt/airflow/dags/file_read_dags_2.py
[2024-11-19T08:15:11.254+0000] {processor.py:830} INFO - Processing file /opt/airflow/dags/file_read_dags_2.py for tasks to queue
[2024-11-19T08:15:11.255+0000] {logging_mixin.py:188} INFO - [2024-11-19T08:15:11.254+0000] {dagbag.py:540} INFO - Filling up the DagBag from /opt/airflow/dags/file_read_dags_2.py
[2024-11-19T08:15:11.270+0000] {processor.py:840} INFO - DAG(s) 'file_read_dag_2' retrieved from /opt/airflow/dags/file_read_dags_2.py
[2024-11-19T08:15:11.296+0000] {logging_mixin.py:188} INFO - [2024-11-19T08:15:11.296+0000] {dag.py:3047} INFO - Sync 1 DAGs
[2024-11-19T08:15:11.321+0000] {logging_mixin.py:188} INFO - [2024-11-19T08:15:11.320+0000] {dag.py:3834} INFO - Setting next_dagrun for file_read_dag_2 to 2024-11-19 00:00:00+00:00, run_after=2024-11-20 00:00:00+00:00
[2024-11-19T08:15:11.340+0000] {processor.py:183} INFO - Processing /opt/airflow/dags/file_read_dags_2.py took 0.092 seconds
[2024-11-19T08:15:41.494+0000] {processor.py:161} INFO - Started process (PID=104960) to work on /opt/airflow/dags/file_read_dags_2.py
[2024-11-19T08:15:41.496+0000] {processor.py:830} INFO - Processing file /opt/airflow/dags/file_read_dags_2.py for tasks to queue
[2024-11-19T08:15:41.497+0000] {logging_mixin.py:188} INFO - [2024-11-19T08:15:41.497+0000] {dagbag.py:540} INFO - Filling up the DagBag from /opt/airflow/dags/file_read_dags_2.py
[2024-11-19T08:15:41.510+0000] {processor.py:840} INFO - DAG(s) 'file_read_dag_2' retrieved from /opt/airflow/dags/file_read_dags_2.py
[2024-11-19T08:15:41.542+0000] {logging_mixin.py:188} INFO - [2024-11-19T08:15:41.541+0000] {dag.py:3047} INFO - Sync 1 DAGs
[2024-11-19T08:15:41.575+0000] {logging_mixin.py:188} INFO - [2024-11-19T08:15:41.575+0000] {dag.py:3834} INFO - Setting next_dagrun for file_read_dag_2 to 2024-11-19 00:00:00+00:00, run_after=2024-11-20 00:00:00+00:00
[2024-11-19T08:15:41.598+0000] {processor.py:183} INFO - Processing /opt/airflow/dags/file_read_dags_2.py took 0.109 seconds
[2024-11-19T08:16:11.805+0000] {processor.py:161} INFO - Started process (PID=105003) to work on /opt/airflow/dags/file_read_dags_2.py
[2024-11-19T08:16:11.806+0000] {processor.py:830} INFO - Processing file /opt/airflow/dags/file_read_dags_2.py for tasks to queue
[2024-11-19T08:16:11.807+0000] {logging_mixin.py:188} INFO - [2024-11-19T08:16:11.806+0000] {dagbag.py:540} INFO - Filling up the DagBag from /opt/airflow/dags/file_read_dags_2.py
[2024-11-19T08:16:11.821+0000] {processor.py:840} INFO - DAG(s) 'file_read_dag_2' retrieved from /opt/airflow/dags/file_read_dags_2.py
[2024-11-19T08:16:11.851+0000] {logging_mixin.py:188} INFO - [2024-11-19T08:16:11.851+0000] {dag.py:3047} INFO - Sync 1 DAGs
[2024-11-19T08:16:11.886+0000] {logging_mixin.py:188} INFO - [2024-11-19T08:16:11.885+0000] {dag.py:3834} INFO - Setting next_dagrun for file_read_dag_2 to 2024-11-19 00:00:00+00:00, run_after=2024-11-20 00:00:00+00:00
[2024-11-19T08:16:11.909+0000] {processor.py:183} INFO - Processing /opt/airflow/dags/file_read_dags_2.py took 0.109 seconds
[2024-11-19T08:16:42.650+0000] {processor.py:161} INFO - Started process (PID=105046) to work on /opt/airflow/dags/file_read_dags_2.py
[2024-11-19T08:16:42.651+0000] {processor.py:830} INFO - Processing file /opt/airflow/dags/file_read_dags_2.py for tasks to queue
[2024-11-19T08:16:42.652+0000] {logging_mixin.py:188} INFO - [2024-11-19T08:16:42.652+0000] {dagbag.py:540} INFO - Filling up the DagBag from /opt/airflow/dags/file_read_dags_2.py
[2024-11-19T08:16:42.665+0000] {processor.py:840} INFO - DAG(s) 'file_read_dag_2' retrieved from /opt/airflow/dags/file_read_dags_2.py
[2024-11-19T08:16:42.692+0000] {logging_mixin.py:188} INFO - [2024-11-19T08:16:42.692+0000] {dag.py:3047} INFO - Sync 1 DAGs
[2024-11-19T08:16:42.718+0000] {logging_mixin.py:188} INFO - [2024-11-19T08:16:42.718+0000] {dag.py:3834} INFO - Setting next_dagrun for file_read_dag_2 to 2024-11-19 00:00:00+00:00, run_after=2024-11-20 00:00:00+00:00
[2024-11-19T08:16:42.737+0000] {processor.py:183} INFO - Processing /opt/airflow/dags/file_read_dags_2.py took 0.092 seconds
[2024-11-19T08:17:13.625+0000] {processor.py:161} INFO - Started process (PID=105089) to work on /opt/airflow/dags/file_read_dags_2.py
[2024-11-19T08:17:13.626+0000] {processor.py:830} INFO - Processing file /opt/airflow/dags/file_read_dags_2.py for tasks to queue
[2024-11-19T08:17:13.628+0000] {logging_mixin.py:188} INFO - [2024-11-19T08:17:13.627+0000] {dagbag.py:540} INFO - Filling up the DagBag from /opt/airflow/dags/file_read_dags_2.py
[2024-11-19T08:17:13.643+0000] {processor.py:840} INFO - DAG(s) 'file_read_dag_2' retrieved from /opt/airflow/dags/file_read_dags_2.py
[2024-11-19T08:17:13.669+0000] {logging_mixin.py:188} INFO - [2024-11-19T08:17:13.669+0000] {dag.py:3047} INFO - Sync 1 DAGs
[2024-11-19T08:17:13.695+0000] {logging_mixin.py:188} INFO - [2024-11-19T08:17:13.695+0000] {dag.py:3834} INFO - Setting next_dagrun for file_read_dag_2 to 2024-11-19 00:00:00+00:00, run_after=2024-11-20 00:00:00+00:00
[2024-11-19T08:17:13.718+0000] {processor.py:183} INFO - Processing /opt/airflow/dags/file_read_dags_2.py took 0.098 seconds
[2024-11-19T08:17:44.558+0000] {processor.py:161} INFO - Started process (PID=105132) to work on /opt/airflow/dags/file_read_dags_2.py
[2024-11-19T08:17:44.559+0000] {processor.py:830} INFO - Processing file /opt/airflow/dags/file_read_dags_2.py for tasks to queue
[2024-11-19T08:17:44.560+0000] {logging_mixin.py:188} INFO - [2024-11-19T08:17:44.560+0000] {dagbag.py:540} INFO - Filling up the DagBag from /opt/airflow/dags/file_read_dags_2.py
[2024-11-19T08:17:44.573+0000] {processor.py:840} INFO - DAG(s) 'file_read_dag_2' retrieved from /opt/airflow/dags/file_read_dags_2.py
[2024-11-19T08:17:44.597+0000] {logging_mixin.py:188} INFO - [2024-11-19T08:17:44.597+0000] {dag.py:3047} INFO - Sync 1 DAGs
[2024-11-19T08:17:44.621+0000] {logging_mixin.py:188} INFO - [2024-11-19T08:17:44.620+0000] {dag.py:3834} INFO - Setting next_dagrun for file_read_dag_2 to 2024-11-19 00:00:00+00:00, run_after=2024-11-20 00:00:00+00:00
[2024-11-19T08:17:44.640+0000] {processor.py:183} INFO - Processing /opt/airflow/dags/file_read_dags_2.py took 0.087 seconds
[2024-11-19T08:18:15.553+0000] {processor.py:161} INFO - Started process (PID=105175) to work on /opt/airflow/dags/file_read_dags_2.py
[2024-11-19T08:18:15.555+0000] {processor.py:830} INFO - Processing file /opt/airflow/dags/file_read_dags_2.py for tasks to queue
[2024-11-19T08:18:15.556+0000] {logging_mixin.py:188} INFO - [2024-11-19T08:18:15.555+0000] {dagbag.py:540} INFO - Filling up the DagBag from /opt/airflow/dags/file_read_dags_2.py
[2024-11-19T08:18:15.569+0000] {processor.py:840} INFO - DAG(s) 'file_read_dag_2' retrieved from /opt/airflow/dags/file_read_dags_2.py
[2024-11-19T08:18:15.595+0000] {logging_mixin.py:188} INFO - [2024-11-19T08:18:15.595+0000] {dag.py:3047} INFO - Sync 1 DAGs
[2024-11-19T08:18:15.620+0000] {logging_mixin.py:188} INFO - [2024-11-19T08:18:15.619+0000] {dag.py:3834} INFO - Setting next_dagrun for file_read_dag_2 to 2024-11-19 00:00:00+00:00, run_after=2024-11-20 00:00:00+00:00
[2024-11-19T08:18:15.639+0000] {processor.py:183} INFO - Processing /opt/airflow/dags/file_read_dags_2.py took 0.090 seconds
[2024-11-19T08:18:46.388+0000] {processor.py:161} INFO - Started process (PID=105218) to work on /opt/airflow/dags/file_read_dags_2.py
[2024-11-19T08:18:46.389+0000] {processor.py:830} INFO - Processing file /opt/airflow/dags/file_read_dags_2.py for tasks to queue
[2024-11-19T08:18:46.390+0000] {logging_mixin.py:188} INFO - [2024-11-19T08:18:46.390+0000] {dagbag.py:540} INFO - Filling up the DagBag from /opt/airflow/dags/file_read_dags_2.py
[2024-11-19T08:18:46.405+0000] {processor.py:840} INFO - DAG(s) 'file_read_dag_2' retrieved from /opt/airflow/dags/file_read_dags_2.py
[2024-11-19T08:18:46.436+0000] {logging_mixin.py:188} INFO - [2024-11-19T08:18:46.435+0000] {dag.py:3047} INFO - Sync 1 DAGs
[2024-11-19T08:18:46.471+0000] {logging_mixin.py:188} INFO - [2024-11-19T08:18:46.470+0000] {dag.py:3834} INFO - Setting next_dagrun for file_read_dag_2 to 2024-11-19 00:00:00+00:00, run_after=2024-11-20 00:00:00+00:00
[2024-11-19T08:18:46.496+0000] {processor.py:183} INFO - Processing /opt/airflow/dags/file_read_dags_2.py took 0.113 seconds
[2024-11-19T08:19:17.236+0000] {processor.py:161} INFO - Started process (PID=105261) to work on /opt/airflow/dags/file_read_dags_2.py
[2024-11-19T08:19:17.237+0000] {processor.py:830} INFO - Processing file /opt/airflow/dags/file_read_dags_2.py for tasks to queue
[2024-11-19T08:19:17.238+0000] {logging_mixin.py:188} INFO - [2024-11-19T08:19:17.238+0000] {dagbag.py:540} INFO - Filling up the DagBag from /opt/airflow/dags/file_read_dags_2.py
[2024-11-19T08:19:17.251+0000] {processor.py:840} INFO - DAG(s) 'file_read_dag_2' retrieved from /opt/airflow/dags/file_read_dags_2.py
[2024-11-19T08:19:17.278+0000] {logging_mixin.py:188} INFO - [2024-11-19T08:19:17.277+0000] {dag.py:3047} INFO - Sync 1 DAGs
[2024-11-19T08:19:17.303+0000] {logging_mixin.py:188} INFO - [2024-11-19T08:19:17.303+0000] {dag.py:3834} INFO - Setting next_dagrun for file_read_dag_2 to 2024-11-19 00:00:00+00:00, run_after=2024-11-20 00:00:00+00:00
[2024-11-19T08:19:17.322+0000] {processor.py:183} INFO - Processing /opt/airflow/dags/file_read_dags_2.py took 0.090 seconds
[2024-11-19T08:19:48.143+0000] {processor.py:161} INFO - Started process (PID=105304) to work on /opt/airflow/dags/file_read_dags_2.py
[2024-11-19T08:19:48.145+0000] {processor.py:830} INFO - Processing file /opt/airflow/dags/file_read_dags_2.py for tasks to queue
[2024-11-19T08:19:48.146+0000] {logging_mixin.py:188} INFO - [2024-11-19T08:19:48.145+0000] {dagbag.py:540} INFO - Filling up the DagBag from /opt/airflow/dags/file_read_dags_2.py
[2024-11-19T08:19:48.159+0000] {processor.py:840} INFO - DAG(s) 'file_read_dag_2' retrieved from /opt/airflow/dags/file_read_dags_2.py
[2024-11-19T08:19:48.184+0000] {logging_mixin.py:188} INFO - [2024-11-19T08:19:48.184+0000] {dag.py:3047} INFO - Sync 1 DAGs
[2024-11-19T08:19:48.211+0000] {logging_mixin.py:188} INFO - [2024-11-19T08:19:48.211+0000] {dag.py:3834} INFO - Setting next_dagrun for file_read_dag_2 to 2024-11-19 00:00:00+00:00, run_after=2024-11-20 00:00:00+00:00
[2024-11-19T08:19:48.231+0000] {processor.py:183} INFO - Processing /opt/airflow/dags/file_read_dags_2.py took 0.094 seconds
[2024-11-19T08:20:18.275+0000] {processor.py:161} INFO - Started process (PID=105347) to work on /opt/airflow/dags/file_read_dags_2.py
[2024-11-19T08:20:18.276+0000] {processor.py:830} INFO - Processing file /opt/airflow/dags/file_read_dags_2.py for tasks to queue
[2024-11-19T08:20:18.277+0000] {logging_mixin.py:188} INFO - [2024-11-19T08:20:18.276+0000] {dagbag.py:540} INFO - Filling up the DagBag from /opt/airflow/dags/file_read_dags_2.py
[2024-11-19T08:20:18.289+0000] {processor.py:840} INFO - DAG(s) 'file_read_dag_2' retrieved from /opt/airflow/dags/file_read_dags_2.py
[2024-11-19T08:20:18.313+0000] {logging_mixin.py:188} INFO - [2024-11-19T08:20:18.313+0000] {dag.py:3047} INFO - Sync 1 DAGs
[2024-11-19T08:20:18.337+0000] {logging_mixin.py:188} INFO - [2024-11-19T08:20:18.337+0000] {dag.py:3834} INFO - Setting next_dagrun for file_read_dag_2 to 2024-11-19 00:00:00+00:00, run_after=2024-11-20 00:00:00+00:00
[2024-11-19T08:20:18.355+0000] {processor.py:183} INFO - Processing /opt/airflow/dags/file_read_dags_2.py took 0.085 seconds
[2024-11-19T08:20:48.568+0000] {processor.py:161} INFO - Started process (PID=105390) to work on /opt/airflow/dags/file_read_dags_2.py
[2024-11-19T08:20:48.569+0000] {processor.py:830} INFO - Processing file /opt/airflow/dags/file_read_dags_2.py for tasks to queue
[2024-11-19T08:20:48.570+0000] {logging_mixin.py:188} INFO - [2024-11-19T08:20:48.570+0000] {dagbag.py:540} INFO - Filling up the DagBag from /opt/airflow/dags/file_read_dags_2.py
[2024-11-19T08:20:48.583+0000] {processor.py:840} INFO - DAG(s) 'file_read_dag_2' retrieved from /opt/airflow/dags/file_read_dags_2.py
[2024-11-19T08:20:48.608+0000] {logging_mixin.py:188} INFO - [2024-11-19T08:20:48.607+0000] {dag.py:3047} INFO - Sync 1 DAGs
[2024-11-19T08:20:48.640+0000] {logging_mixin.py:188} INFO - [2024-11-19T08:20:48.639+0000] {dag.py:3834} INFO - Setting next_dagrun for file_read_dag_2 to 2024-11-19 00:00:00+00:00, run_after=2024-11-20 00:00:00+00:00
[2024-11-19T08:20:48.670+0000] {processor.py:183} INFO - Processing /opt/airflow/dags/file_read_dags_2.py took 0.106 seconds
[2024-11-19T08:21:19.554+0000] {processor.py:161} INFO - Started process (PID=105433) to work on /opt/airflow/dags/file_read_dags_2.py
[2024-11-19T08:21:19.555+0000] {processor.py:830} INFO - Processing file /opt/airflow/dags/file_read_dags_2.py for tasks to queue
[2024-11-19T08:21:19.556+0000] {logging_mixin.py:188} INFO - [2024-11-19T08:21:19.556+0000] {dagbag.py:540} INFO - Filling up the DagBag from /opt/airflow/dags/file_read_dags_2.py
[2024-11-19T08:21:19.570+0000] {processor.py:840} INFO - DAG(s) 'file_read_dag_2' retrieved from /opt/airflow/dags/file_read_dags_2.py
[2024-11-19T08:21:19.596+0000] {logging_mixin.py:188} INFO - [2024-11-19T08:21:19.596+0000] {dag.py:3047} INFO - Sync 1 DAGs
[2024-11-19T08:21:19.624+0000] {logging_mixin.py:188} INFO - [2024-11-19T08:21:19.624+0000] {dag.py:3834} INFO - Setting next_dagrun for file_read_dag_2 to 2024-11-19 00:00:00+00:00, run_after=2024-11-20 00:00:00+00:00
[2024-11-19T08:21:19.649+0000] {processor.py:183} INFO - Processing /opt/airflow/dags/file_read_dags_2.py took 0.099 seconds
[2024-11-19T08:21:49.730+0000] {processor.py:161} INFO - Started process (PID=105476) to work on /opt/airflow/dags/file_read_dags_2.py
[2024-11-19T08:21:49.732+0000] {processor.py:830} INFO - Processing file /opt/airflow/dags/file_read_dags_2.py for tasks to queue
[2024-11-19T08:21:49.733+0000] {logging_mixin.py:188} INFO - [2024-11-19T08:21:49.732+0000] {dagbag.py:540} INFO - Filling up the DagBag from /opt/airflow/dags/file_read_dags_2.py
[2024-11-19T08:21:49.745+0000] {processor.py:840} INFO - DAG(s) 'file_read_dag_2' retrieved from /opt/airflow/dags/file_read_dags_2.py
[2024-11-19T08:21:49.771+0000] {logging_mixin.py:188} INFO - [2024-11-19T08:21:49.771+0000] {dag.py:3047} INFO - Sync 1 DAGs
[2024-11-19T08:21:49.796+0000] {logging_mixin.py:188} INFO - [2024-11-19T08:21:49.796+0000] {dag.py:3834} INFO - Setting next_dagrun for file_read_dag_2 to 2024-11-19 00:00:00+00:00, run_after=2024-11-20 00:00:00+00:00
[2024-11-19T08:21:49.815+0000] {processor.py:183} INFO - Processing /opt/airflow/dags/file_read_dags_2.py took 0.090 seconds
[2024-11-19T08:22:20.585+0000] {processor.py:161} INFO - Started process (PID=105519) to work on /opt/airflow/dags/file_read_dags_2.py
[2024-11-19T08:22:20.586+0000] {processor.py:830} INFO - Processing file /opt/airflow/dags/file_read_dags_2.py for tasks to queue
[2024-11-19T08:22:20.587+0000] {logging_mixin.py:188} INFO - [2024-11-19T08:22:20.587+0000] {dagbag.py:540} INFO - Filling up the DagBag from /opt/airflow/dags/file_read_dags_2.py
[2024-11-19T08:22:20.600+0000] {processor.py:840} INFO - DAG(s) 'file_read_dag_2' retrieved from /opt/airflow/dags/file_read_dags_2.py
[2024-11-19T08:22:20.633+0000] {logging_mixin.py:188} INFO - [2024-11-19T08:22:20.633+0000] {dag.py:3047} INFO - Sync 1 DAGs
[2024-11-19T08:22:20.662+0000] {logging_mixin.py:188} INFO - [2024-11-19T08:22:20.661+0000] {dag.py:3834} INFO - Setting next_dagrun for file_read_dag_2 to 2024-11-19 00:00:00+00:00, run_after=2024-11-20 00:00:00+00:00
[2024-11-19T08:22:20.681+0000] {processor.py:183} INFO - Processing /opt/airflow/dags/file_read_dags_2.py took 0.101 seconds
[2024-11-19T08:22:51.519+0000] {processor.py:161} INFO - Started process (PID=105562) to work on /opt/airflow/dags/file_read_dags_2.py
[2024-11-19T08:22:51.520+0000] {processor.py:830} INFO - Processing file /opt/airflow/dags/file_read_dags_2.py for tasks to queue
[2024-11-19T08:22:51.521+0000] {logging_mixin.py:188} INFO - [2024-11-19T08:22:51.521+0000] {dagbag.py:540} INFO - Filling up the DagBag from /opt/airflow/dags/file_read_dags_2.py
[2024-11-19T08:22:51.534+0000] {processor.py:840} INFO - DAG(s) 'file_read_dag_2' retrieved from /opt/airflow/dags/file_read_dags_2.py
[2024-11-19T08:22:51.558+0000] {logging_mixin.py:188} INFO - [2024-11-19T08:22:51.558+0000] {dag.py:3047} INFO - Sync 1 DAGs
[2024-11-19T08:22:51.582+0000] {logging_mixin.py:188} INFO - [2024-11-19T08:22:51.582+0000] {dag.py:3834} INFO - Setting next_dagrun for file_read_dag_2 to 2024-11-19 00:00:00+00:00, run_after=2024-11-20 00:00:00+00:00
[2024-11-19T08:22:51.600+0000] {processor.py:183} INFO - Processing /opt/airflow/dags/file_read_dags_2.py took 0.086 seconds
[2024-11-19T08:23:22.317+0000] {processor.py:161} INFO - Started process (PID=105605) to work on /opt/airflow/dags/file_read_dags_2.py
[2024-11-19T08:23:22.318+0000] {processor.py:830} INFO - Processing file /opt/airflow/dags/file_read_dags_2.py for tasks to queue
[2024-11-19T08:23:22.319+0000] {logging_mixin.py:188} INFO - [2024-11-19T08:23:22.319+0000] {dagbag.py:540} INFO - Filling up the DagBag from /opt/airflow/dags/file_read_dags_2.py
[2024-11-19T08:23:22.333+0000] {processor.py:840} INFO - DAG(s) 'file_read_dag_2' retrieved from /opt/airflow/dags/file_read_dags_2.py
[2024-11-19T08:23:22.362+0000] {logging_mixin.py:188} INFO - [2024-11-19T08:23:22.361+0000] {dag.py:3047} INFO - Sync 1 DAGs
[2024-11-19T08:23:22.387+0000] {logging_mixin.py:188} INFO - [2024-11-19T08:23:22.387+0000] {dag.py:3834} INFO - Setting next_dagrun for file_read_dag_2 to 2024-11-19 00:00:00+00:00, run_after=2024-11-20 00:00:00+00:00
[2024-11-19T08:23:22.407+0000] {processor.py:183} INFO - Processing /opt/airflow/dags/file_read_dags_2.py took 0.095 seconds
[2024-11-19T08:23:53.356+0000] {processor.py:161} INFO - Started process (PID=105648) to work on /opt/airflow/dags/file_read_dags_2.py
[2024-11-19T08:23:53.358+0000] {processor.py:830} INFO - Processing file /opt/airflow/dags/file_read_dags_2.py for tasks to queue
[2024-11-19T08:23:53.359+0000] {logging_mixin.py:188} INFO - [2024-11-19T08:23:53.359+0000] {dagbag.py:540} INFO - Filling up the DagBag from /opt/airflow/dags/file_read_dags_2.py
[2024-11-19T08:23:53.374+0000] {processor.py:840} INFO - DAG(s) 'file_read_dag_2' retrieved from /opt/airflow/dags/file_read_dags_2.py
[2024-11-19T08:23:53.402+0000] {logging_mixin.py:188} INFO - [2024-11-19T08:23:53.402+0000] {dag.py:3047} INFO - Sync 1 DAGs
[2024-11-19T08:23:53.428+0000] {logging_mixin.py:188} INFO - [2024-11-19T08:23:53.428+0000] {dag.py:3834} INFO - Setting next_dagrun for file_read_dag_2 to 2024-11-19 00:00:00+00:00, run_after=2024-11-20 00:00:00+00:00
[2024-11-19T08:23:53.449+0000] {processor.py:183} INFO - Processing /opt/airflow/dags/file_read_dags_2.py took 0.098 seconds
[2024-11-19T08:24:23.477+0000] {processor.py:161} INFO - Started process (PID=105691) to work on /opt/airflow/dags/file_read_dags_2.py
[2024-11-19T08:24:23.478+0000] {processor.py:830} INFO - Processing file /opt/airflow/dags/file_read_dags_2.py for tasks to queue
[2024-11-19T08:24:23.479+0000] {logging_mixin.py:188} INFO - [2024-11-19T08:24:23.478+0000] {dagbag.py:540} INFO - Filling up the DagBag from /opt/airflow/dags/file_read_dags_2.py
[2024-11-19T08:24:23.491+0000] {processor.py:840} INFO - DAG(s) 'file_read_dag_2' retrieved from /opt/airflow/dags/file_read_dags_2.py
[2024-11-19T08:24:23.517+0000] {logging_mixin.py:188} INFO - [2024-11-19T08:24:23.517+0000] {dag.py:3047} INFO - Sync 1 DAGs
[2024-11-19T08:24:23.544+0000] {logging_mixin.py:188} INFO - [2024-11-19T08:24:23.544+0000] {dag.py:3834} INFO - Setting next_dagrun for file_read_dag_2 to 2024-11-19 00:00:00+00:00, run_after=2024-11-20 00:00:00+00:00
[2024-11-19T08:24:23.565+0000] {processor.py:183} INFO - Processing /opt/airflow/dags/file_read_dags_2.py took 0.093 seconds
[2024-11-19T08:24:53.786+0000] {processor.py:161} INFO - Started process (PID=105734) to work on /opt/airflow/dags/file_read_dags_2.py
[2024-11-19T08:24:53.787+0000] {processor.py:830} INFO - Processing file /opt/airflow/dags/file_read_dags_2.py for tasks to queue
[2024-11-19T08:24:53.789+0000] {logging_mixin.py:188} INFO - [2024-11-19T08:24:53.788+0000] {dagbag.py:540} INFO - Filling up the DagBag from /opt/airflow/dags/file_read_dags_2.py
[2024-11-19T08:24:53.802+0000] {processor.py:840} INFO - DAG(s) 'file_read_dag_2' retrieved from /opt/airflow/dags/file_read_dags_2.py
[2024-11-19T08:24:53.834+0000] {logging_mixin.py:188} INFO - [2024-11-19T08:24:53.834+0000] {dag.py:3047} INFO - Sync 1 DAGs
[2024-11-19T08:24:53.862+0000] {logging_mixin.py:188} INFO - [2024-11-19T08:24:53.861+0000] {dag.py:3834} INFO - Setting next_dagrun for file_read_dag_2 to 2024-11-19 00:00:00+00:00, run_after=2024-11-20 00:00:00+00:00
[2024-11-19T08:24:53.902+0000] {processor.py:183} INFO - Processing /opt/airflow/dags/file_read_dags_2.py took 0.121 seconds
[2024-11-19T08:25:24.545+0000] {processor.py:161} INFO - Started process (PID=105777) to work on /opt/airflow/dags/file_read_dags_2.py
[2024-11-19T08:25:24.546+0000] {processor.py:830} INFO - Processing file /opt/airflow/dags/file_read_dags_2.py for tasks to queue
[2024-11-19T08:25:24.547+0000] {logging_mixin.py:188} INFO - [2024-11-19T08:25:24.547+0000] {dagbag.py:540} INFO - Filling up the DagBag from /opt/airflow/dags/file_read_dags_2.py
[2024-11-19T08:25:24.559+0000] {processor.py:840} INFO - DAG(s) 'file_read_dag_2' retrieved from /opt/airflow/dags/file_read_dags_2.py
[2024-11-19T08:25:24.589+0000] {logging_mixin.py:188} INFO - [2024-11-19T08:25:24.589+0000] {dag.py:3047} INFO - Sync 1 DAGs
[2024-11-19T08:25:24.624+0000] {logging_mixin.py:188} INFO - [2024-11-19T08:25:24.624+0000] {dag.py:3834} INFO - Setting next_dagrun for file_read_dag_2 to 2024-11-19 00:00:00+00:00, run_after=2024-11-20 00:00:00+00:00
[2024-11-19T08:25:24.648+0000] {processor.py:183} INFO - Processing /opt/airflow/dags/file_read_dags_2.py took 0.108 seconds
[2024-11-19T08:25:55.529+0000] {processor.py:161} INFO - Started process (PID=105820) to work on /opt/airflow/dags/file_read_dags_2.py
[2024-11-19T08:25:55.530+0000] {processor.py:830} INFO - Processing file /opt/airflow/dags/file_read_dags_2.py for tasks to queue
[2024-11-19T08:25:55.531+0000] {logging_mixin.py:188} INFO - [2024-11-19T08:25:55.531+0000] {dagbag.py:540} INFO - Filling up the DagBag from /opt/airflow/dags/file_read_dags_2.py
[2024-11-19T08:25:55.547+0000] {processor.py:840} INFO - DAG(s) 'file_read_dag_2' retrieved from /opt/airflow/dags/file_read_dags_2.py
[2024-11-19T08:25:55.576+0000] {logging_mixin.py:188} INFO - [2024-11-19T08:25:55.576+0000] {dag.py:3047} INFO - Sync 1 DAGs
[2024-11-19T08:25:55.602+0000] {logging_mixin.py:188} INFO - [2024-11-19T08:25:55.601+0000] {dag.py:3834} INFO - Setting next_dagrun for file_read_dag_2 to 2024-11-19 00:00:00+00:00, run_after=2024-11-20 00:00:00+00:00
[2024-11-19T08:25:55.621+0000] {processor.py:183} INFO - Processing /opt/airflow/dags/file_read_dags_2.py took 0.097 seconds
[2024-11-19T08:26:26.314+0000] {processor.py:161} INFO - Started process (PID=105863) to work on /opt/airflow/dags/file_read_dags_2.py
[2024-11-19T08:26:26.315+0000] {processor.py:830} INFO - Processing file /opt/airflow/dags/file_read_dags_2.py for tasks to queue
[2024-11-19T08:26:26.316+0000] {logging_mixin.py:188} INFO - [2024-11-19T08:26:26.316+0000] {dagbag.py:540} INFO - Filling up the DagBag from /opt/airflow/dags/file_read_dags_2.py
[2024-11-19T08:26:26.329+0000] {processor.py:840} INFO - DAG(s) 'file_read_dag_2' retrieved from /opt/airflow/dags/file_read_dags_2.py
[2024-11-19T08:26:26.355+0000] {logging_mixin.py:188} INFO - [2024-11-19T08:26:26.355+0000] {dag.py:3047} INFO - Sync 1 DAGs
[2024-11-19T08:26:26.382+0000] {logging_mixin.py:188} INFO - [2024-11-19T08:26:26.381+0000] {dag.py:3834} INFO - Setting next_dagrun for file_read_dag_2 to 2024-11-19 00:00:00+00:00, run_after=2024-11-20 00:00:00+00:00
[2024-11-19T08:26:26.403+0000] {processor.py:183} INFO - Processing /opt/airflow/dags/file_read_dags_2.py took 0.093 seconds
