[2024-11-18T08:32:58.964+0000] {taskinstance.py:1979} INFO - Dependencies all met for dep_context=non-requeueable deps ti=<TaskInstance: covid19_get_data.get_covid19_report_today scheduled__2020-09-05T00:00:00+00:00 [queued]>
[2024-11-18T08:32:58.975+0000] {taskinstance.py:1979} INFO - Dependencies all met for dep_context=requeueable deps ti=<TaskInstance: covid19_get_data.get_covid19_report_today scheduled__2020-09-05T00:00:00+00:00 [queued]>
[2024-11-18T08:32:58.975+0000] {taskinstance.py:2193} INFO - Starting attempt 1 of 1
[2024-11-18T08:32:58.997+0000] {taskinstance.py:2217} INFO - Executing <Task(SimpleHttpOperator): get_covid19_report_today> on 2020-09-05 00:00:00+00:00
[2024-11-18T08:32:59.004+0000] {standard_task_runner.py:60} INFO - Started process 24734 to run task
[2024-11-18T08:32:59.014+0000] {standard_task_runner.py:87} INFO - Running: ['***', 'tasks', 'run', 'covid19_get_data', 'get_covid19_report_today', 'scheduled__2020-09-05T00:00:00+00:00', '--job-id', '7506', '--raw', '--subdir', 'DAGS_FOLDER/covid19_get_data.py', '--cfg-path', '/tmp/tmpr5w0nard']
[2024-11-18T08:32:59.016+0000] {standard_task_runner.py:88} INFO - Job 7506: Subtask get_covid19_report_today
[2024-11-18T08:32:59.123+0000] {task_command.py:423} INFO - Running <TaskInstance: covid19_get_data.get_covid19_report_today scheduled__2020-09-05T00:00:00+00:00 [running]> on host 3c704ad499e6
[2024-11-18T08:32:59.311+0000] {taskinstance.py:2513} INFO - Exporting env vars: AIRFLOW_CTX_DAG_OWNER='***' AIRFLOW_CTX_DAG_ID='covid19_get_data' AIRFLOW_CTX_TASK_ID='get_covid19_report_today' AIRFLOW_CTX_EXECUTION_DATE='2020-09-05T00:00:00+00:00' AIRFLOW_CTX_TRY_NUMBER='1' AIRFLOW_CTX_DAG_RUN_ID='scheduled__2020-09-05T00:00:00+00:00'
[2024-11-18T08:32:59.313+0000] {http.py:169} INFO - Calling HTTP method
[2024-11-18T08:32:59.328+0000] {base.py:83} INFO - Using connection ID 'https_covid19_api' for task execution.
[2024-11-18T08:32:59.348+0000] {base.py:83} INFO - Using connection ID 'https_covid19_api' for task execution.
[2024-11-18T08:32:59.355+0000] {taskinstance.py:2731} ERROR - Task failed with exception
Traceback (most recent call last):
  File "/home/airflow/.local/lib/python3.8/site-packages/requests/adapters.py", line 454, in send
    conn = self.get_connection(request.url, proxies)
  File "/home/airflow/.local/lib/python3.8/site-packages/requests/adapters.py", line 356, in get_connection
    conn = self.poolmanager.connection_from_url(url)
  File "/home/airflow/.local/lib/python3.8/site-packages/urllib3/poolmanager.py", line 298, in connection_from_url
    u = parse_url(url)
  File "/home/airflow/.local/lib/python3.8/site-packages/urllib3/util/url.py", line 397, in parse_url
    return six.raise_from(LocationParseError(source_url), None)
  File "<string>", line 3, in raise_from
urllib3.exceptions.LocationParseError: Failed to parse: : https://covid19.ddc.moph.go.th/api/Cases/today-cases-all

During handling of the above exception, another exception occurred:

Traceback (most recent call last):
  File "/home/airflow/.local/lib/python3.8/site-packages/airflow/models/taskinstance.py", line 444, in _execute_task
    result = _execute_callable(context=context, **execute_callable_kwargs)
  File "/home/airflow/.local/lib/python3.8/site-packages/airflow/models/taskinstance.py", line 414, in _execute_callable
    return execute_callable(context=context, **execute_callable_kwargs)
  File "/home/airflow/.local/lib/python3.8/site-packages/airflow/providers/http/operators/http.py", line 166, in execute
    return self.execute_sync(context=context)
  File "/home/airflow/.local/lib/python3.8/site-packages/airflow/providers/http/operators/http.py", line 170, in execute_sync
    response = self.hook.run(self.endpoint, self.data, self.headers, self.extra_options)
  File "/home/airflow/.local/lib/python3.8/site-packages/airflow/providers/http/hooks/http.py", line 187, in run
    return self.run_and_check(session, prepped_request, extra_options)
  File "/home/airflow/.local/lib/python3.8/site-packages/airflow/providers/http/hooks/http.py", line 235, in run_and_check
    response = session.send(prepped_request, **send_kwargs)
  File "/home/airflow/.local/lib/python3.8/site-packages/requests/sessions.py", line 703, in send
    r = adapter.send(request, **kwargs)
  File "/home/airflow/.local/lib/python3.8/site-packages/requests/adapters.py", line 456, in send
    raise InvalidURL(e, request=request)
requests.exceptions.InvalidURL: Failed to parse: : https://covid19.ddc.moph.go.th/api/Cases/today-cases-all
[2024-11-18T08:32:59.387+0000] {taskinstance.py:1149} INFO - Marking task as FAILED. dag_id=covid19_get_data, task_id=get_covid19_report_today, execution_date=20200905T000000, start_date=20241118T083258, end_date=20241118T083259
[2024-11-18T08:32:59.436+0000] {standard_task_runner.py:107} ERROR - Failed to execute job 7506 for task get_covid19_report_today (Failed to parse: : https://covid19.ddc.moph.go.th/api/Cases/today-cases-all; 24734)
[2024-11-18T08:32:59.474+0000] {local_task_job_runner.py:234} INFO - Task exited with return code 1
[2024-11-18T08:32:59.503+0000] {taskinstance.py:3312} INFO - 0 downstream tasks scheduled from follow-on schedule check
